<?xml version="1.0" encoding="UTF-8"?>
<coverage generated="1530217595829" clover="3.2.0">
  <project timestamp="1530217595830" name="All files">
    <metrics statements="390" coveredstatements="387" conditionals="112" coveredconditionals="106" methods="69" coveredmethods="69" elements="571" coveredelements="562" complexity="0" loc="390" ncloc="390" packages="1" files="9" classes="9">
      <file name="MoveTable.js" path="/home/torjus/Projects/cube-solver/src/MoveTable.js">
        <metrics statements="49" coveredstatements="49" conditionals="19" coveredconditionals="18" methods="19" coveredmethods="19"/>
        <line num="21" count="14" type="stmt"/>
        <line num="22" count="923768" type="stmt"/>
        <line num="23" count="923768" type="stmt"/>
        <line num="24" count="923768" type="stmt"/>
        <line num="31" count="20" type="stmt"/>
        <line num="35" count="20" type="stmt"/>
        <line num="37" count="20" type="cond" truecount="2" falsecount="0"/>
        <line num="38" count="20" type="cond" truecount="2" falsecount="0"/>
        <line num="43" count="20" type="stmt"/>
        <line num="44" count="121452150" type="cond" truecount="2" falsecount="0"/>
        <line num="45" count="24620856" type="stmt"/>
        <line num="48" count="96831294" type="stmt"/>
        <line num="51" count="20" type="cond" truecount="2" falsecount="0"/>
        <line num="52" count="6" type="stmt"/>
        <line num="55" count="6" type="stmt"/>
        <line num="58" count="14" type="stmt"/>
        <line num="64" count="14" type="stmt"/>
        <line num="68" count="14" type="stmt"/>
        <line num="70" count="14" type="stmt"/>
        <line num="71" count="118150" type="stmt"/>
        <line num="76" count="14" type="stmt"/>
        <line num="77" count="118150" type="stmt"/>
        <line num="78" count="1804140" type="stmt"/>
        <line num="80" count="1804140" type="cond" truecount="2" falsecount="0"/>
        <line num="83" count="923768" type="stmt"/>
        <line num="84" count="923768" type="stmt"/>
        <line num="85" count="923768" type="stmt"/>
        <line num="86" count="923768" type="stmt"/>
        <line num="93" count="2" type="stmt"/>
        <line num="99" count="362916" type="stmt"/>
        <line num="102" count="362916" type="stmt"/>
        <line num="105" count="8" type="stmt"/>
        <line num="111" count="480056" type="stmt"/>
        <line num="114" count="480056" type="stmt"/>
        <line num="117" count="2" type="stmt"/>
        <line num="118" count="4" type="stmt"/>
        <line num="120" count="4" type="stmt"/>
        <line num="122" count="4" type="stmt"/>
        <line num="124" count="4" type="cond" truecount="2" falsecount="0"/>
        <line num="125" count="4" type="stmt"/>
        <line num="127" count="40" type="cond" truecount="1" falsecount="1"/>
        <line num="128" count="4" type="stmt"/>
        <line num="132" count="4" type="stmt"/>
        <line num="135" count="2" type="stmt"/>
        <line num="139" count="39952" type="stmt"/>
        <line num="141" count="39952" type="stmt"/>
        <line num="144" count="2" type="stmt"/>
        <line num="148" count="40844" type="stmt"/>
        <line num="150" count="40844" type="stmt"/>
      </file>
      <file name="PruningTable.js" path="/home/torjus/Projects/cube-solver/src/PruningTable.js">
        <metrics statements="39" coveredstatements="39" conditionals="10" coveredconditionals="10" methods="6" coveredmethods="6"/>
        <line num="9" count="8" type="stmt"/>
        <line num="13" count="8063370" type="stmt"/>
        <line num="17" count="136476515" type="stmt"/>
        <line num="21" count="20" type="stmt"/>
        <line num="23" count="8" type="stmt"/>
        <line num="25" count="8" type="stmt"/>
        <line num="26" count="1007922" type="stmt"/>
        <line num="29" count="8" type="stmt"/>
        <line num="30" count="8" type="stmt"/>
        <line num="32" count="8" type="stmt"/>
        <line num="34" count="8" type="stmt"/>
        <line num="35" count="12" type="stmt"/>
        <line num="38" count="20" type="stmt"/>
        <line num="40" count="8" type="stmt"/>
        <line num="41" count="8" type="stmt"/>
        <line num="43" count="8" type="stmt"/>
        <line num="44" count="20" type="stmt"/>
        <line num="47" count="8" type="stmt"/>
        <line num="49" count="8" type="stmt"/>
        <line num="57" count="8" type="stmt"/>
        <line num="62" count="88" type="stmt"/>
        <line num="63" count="88" type="cond" truecount="2" falsecount="0"/>
        <line num="64" count="88" type="cond" truecount="2" falsecount="0"/>
        <line num="66" count="88" type="stmt"/>
        <line num="68" count="88" type="stmt"/>
        <line num="69" count="88053210" type="cond" truecount="2" falsecount="0"/>
        <line num="70" count="4993242" type="stmt"/>
        <line num="71" count="47524806" type="stmt"/>
        <line num="73" count="47524806" type="stmt"/>
        <line num="74" count="47524806" type="stmt"/>
        <line num="76" count="47524806" type="stmt"/>
        <line num="77" count="118109974" type="stmt"/>
        <line num="80" count="118109974" type="stmt"/>
        <line num="83" count="47524806" type="cond" truecount="2" falsecount="0"/>
        <line num="84" count="8063362" type="stmt"/>
        <line num="86" count="8063362" type="cond" truecount="2" falsecount="0"/>
        <line num="87" count="1622188" type="stmt"/>
        <line num="88" count="1622188" type="stmt"/>
        <line num="91" count="6441174" type="stmt"/>
      </file>
      <file name="Search.js" path="/home/torjus/Projects/cube-solver/src/Search.js">
        <metrics statements="57" coveredstatements="57" conditionals="25" coveredconditionals="24" methods="11" coveredmethods="11"/>
        <line num="7" count="4" type="stmt"/>
        <line num="8" count="4" type="stmt"/>
        <line num="12" count="4" type="stmt"/>
        <line num="14" count="4" type="stmt"/>
        <line num="16" count="4" type="stmt"/>
        <line num="18" count="4" type="stmt"/>
        <line num="20" count="4" type="stmt"/>
        <line num="21" count="8" type="stmt"/>
        <line num="22" count="112" type="stmt"/>
        <line num="24" count="8" type="stmt"/>
        <line num="25" count="12" type="stmt"/>
        <line num="27" count="8" type="stmt"/>
        <line num="29" count="20" type="stmt"/>
        <line num="31" count="8" type="stmt"/>
        <line num="33" count="8" type="stmt"/>
        <line num="41" count="3" type="stmt"/>
        <line num="48" count="679510" type="stmt"/>
        <line num="50" count="679510" type="stmt"/>
        <line num="51" count="898499" type="stmt"/>
        <line num="52" count="898499" type="stmt"/>
        <line num="54" count="898499" type="stmt"/>
        <line num="55" count="1607702" type="stmt"/>
        <line num="56" count="1607702" type="stmt"/>
        <line num="59" count="898499" type="stmt"/>
        <line num="61" count="898499" type="cond" truecount="2" falsecount="0"/>
        <line num="62" count="591111" type="stmt"/>
        <line num="67" count="307388" type="cond" truecount="2" falsecount="0"/>
        <line num="68" count="237831" type="stmt"/>
        <line num="72" count="88399" type="cond" truecount="2" falsecount="0"/>
        <line num="73" count="32" type="stmt"/>
        <line num="76" count="88367" type="cond" truecount="1" falsecount="1"/>
        <line num="77" count="88367" type="stmt"/>
        <line num="78" count="977231" type="stmt"/>
        <line num="82" count="977231" type="cond" truecount="4" falsecount="0"/>
        <line num="84" count="679103" type="stmt"/>
        <line num="86" count="679103" type="stmt"/>
        <line num="87" count="3341944" type="stmt"/>
        <line num="90" count="679103" type="stmt"/>
        <line num="92" count="679103" type="cond" truecount="2" falsecount="0"/>
        <line num="93" count="59" type="stmt"/>
        <line num="99" count="88308" type="stmt"/>
        <line num="103" count="32" type="cond" truecount="2" falsecount="0"/>
        <line num="104" count="2" type="stmt"/>
        <line num="107" count="32" type="stmt"/>
        <line num="113" count="32" type="cond" truecount="2" falsecount="0"/>
        <line num="115" count="32" type="cond" truecount="2" falsecount="0"/>
        <line num="116" count="2" type="stmt"/>
        <line num="118" count="2" type="stmt"/>
        <line num="119" count="16" type="stmt"/>
        <line num="122" count="2" type="stmt"/>
        <line num="123" count="29" type="stmt"/>
        <line num="124" count="232" type="stmt"/>
        <line num="129" count="32" type="stmt"/>
        <line num="130" count="407" type="stmt"/>
        <line num="132" count="407" type="cond" truecount="2" falsecount="0"/>
        <line num="133" count="6" type="cond" truecount="2" falsecount="0"/>
        <line num="137" count="26" type="stmt"/>
      </file>
      <file name="algorithms.js" path="/home/torjus/Projects/cube-solver/src/algorithms.js">
        <metrics statements="23" coveredstatements="22" conditionals="5" coveredconditionals="4" methods="5" coveredmethods="5"/>
        <line num="2" count="3" type="stmt"/>
        <line num="11" count="4" type="stmt"/>
        <line num="16" count="3" type="stmt"/>
        <line num="17" count="4" type="cond" truecount="1" falsecount="1"/>
        <line num="18" count="0" type="stmt"/>
        <line num="21" count="4" type="stmt"/>
        <line num="23" count="4" type="stmt"/>
        <line num="25" count="4" type="stmt"/>
        <line num="26" count="72" type="stmt"/>
        <line num="27" count="72" type="stmt"/>
        <line num="28" count="72" type="stmt"/>
        <line num="31" count="4" type="stmt"/>
        <line num="37" count="3" type="stmt"/>
        <line num="38" count="3" type="stmt"/>
        <line num="40" count="3" type="stmt"/>
        <line num="41" count="59" type="stmt"/>
        <line num="42" count="59" type="stmt"/>
        <line num="44" count="59" type="cond" truecount="3" falsecount="0"/>
        <line num="46" count="29" type="stmt"/>
        <line num="47" count="29" type="stmt"/>
        <line num="50" count="17" type="stmt"/>
        <line num="51" count="17" type="stmt"/>
        <line num="58" count="3" type="stmt"/>
      </file>
      <file name="coordinates.js" path="/home/torjus/Projects/cube-solver/src/coordinates.js">
        <metrics statements="86" coveredstatements="86" conditionals="16" coveredconditionals="16" methods="7" coveredmethods="7"/>
        <line num="7" count="2" type="stmt"/>
        <line num="8" count="5484536" type="stmt"/>
        <line num="10" count="5484536" type="stmt"/>
        <line num="11" count="19183489" type="stmt"/>
        <line num="14" count="5484536" type="stmt"/>
        <line num="21" count="2" type="stmt"/>
        <line num="22" count="5504275" type="stmt"/>
        <line num="24" count="5504275" type="stmt"/>
        <line num="25" count="17653400" type="stmt"/>
        <line num="28" count="5504275" type="stmt"/>
        <line num="38" count="2" type="stmt"/>
        <line num="39" count="80798" type="stmt"/>
        <line num="45" count="80798" type="stmt"/>
        <line num="46" count="725398" type="stmt"/>
        <line num="49" count="80798" type="stmt"/>
        <line num="58" count="2" type="stmt"/>
        <line num="59" count="80802" type="stmt"/>
        <line num="61" count="80802" type="stmt"/>
        <line num="63" count="80802" type="stmt"/>
        <line num="64" count="725434" type="stmt"/>
        <line num="65" count="725434" type="stmt"/>
        <line num="66" count="725434" type="stmt"/>
        <line num="67" count="725434" type="stmt"/>
        <line num="71" count="80802" type="stmt"/>
        <line num="73" count="80802" type="stmt"/>
        <line num="86" count="2" type="stmt"/>
        <line num="87" count="3" type="stmt"/>
        <line num="89" count="3" type="stmt"/>
        <line num="90" count="25" type="stmt"/>
        <line num="91" count="122" type="cond" truecount="2" falsecount="0"/>
        <line num="92" count="55" type="stmt"/>
        <line num="97" count="3" type="stmt"/>
        <line num="109" count="2" type="cond" truecount="1" falsecount="0"/>
        <line num="110" count="883307" type="stmt"/>
        <line num="111" count="883307" type="stmt"/>
        <line num="112" count="883307" type="stmt"/>
        <line num="116" count="883307" type="stmt"/>
        <line num="121" count="883307" type="cond" truecount="2" falsecount="0"/>
        <line num="122" count="223952" type="stmt"/>
        <line num="123" count="2687424" type="cond" truecount="2" falsecount="0"/>
        <line num="124" count="895808" type="stmt"/>
        <line num="125" count="895808" type="stmt"/>
        <line num="126" count="895808" type="stmt"/>
        <line num="127" count="895808" type="stmt"/>
        <line num="131" count="659355" type="stmt"/>
        <line num="132" count="6460584" type="cond" truecount="2" falsecount="0"/>
        <line num="133" count="3801288" type="stmt"/>
        <line num="134" count="3801288" type="stmt"/>
        <line num="135" count="3801288" type="stmt"/>
        <line num="136" count="3801288" type="stmt"/>
        <line num="141" count="883307" type="stmt"/>
        <line num="145" count="883307" type="stmt"/>
        <line num="146" count="3813789" type="stmt"/>
        <line num="148" count="3813789" type="stmt"/>
        <line num="149" count="5484536" type="stmt"/>
        <line num="150" count="5484536" type="stmt"/>
        <line num="153" count="3813789" type="stmt"/>
        <line num="158" count="883307" type="stmt"/>
        <line num="166" count="2" type="cond" truecount="1" falsecount="0"/>
        <line num="167" count="1294558" type="stmt"/>
        <line num="169" count="1294558" type="stmt"/>
        <line num="170" count="1294558" type="stmt"/>
        <line num="172" count="1294558" type="stmt"/>
        <line num="174" count="1294558" type="stmt"/>
        <line num="175" count="14083028" type="stmt"/>
        <line num="178" count="1294558" type="stmt"/>
        <line num="179" count="4515326" type="stmt"/>
        <line num="180" count="4515326" type="stmt"/>
        <line num="182" count="4515326" type="stmt"/>
        <line num="183" count="5504275" type="stmt"/>
        <line num="184" count="5504275" type="stmt"/>
        <line num="188" count="1294558" type="stmt"/>
        <line num="190" count="1294558" type="cond" truecount="2" falsecount="0"/>
        <line num="191" count="223948" type="stmt"/>
        <line num="192" count="2687376" type="stmt"/>
        <line num="194" count="2687376" type="cond" truecount="2" falsecount="0"/>
        <line num="195" count="895792" type="stmt"/>
        <line num="196" count="895792" type="stmt"/>
        <line num="197" count="895792" type="stmt"/>
        <line num="201" count="1070610" type="stmt"/>
        <line num="202" count="11395652" type="stmt"/>
        <line num="204" count="11395652" type="cond" truecount="2" falsecount="0"/>
        <line num="205" count="4914092" type="stmt"/>
        <line num="206" count="4914092" type="stmt"/>
        <line num="207" count="4914092" type="stmt"/>
        <line num="212" count="1294558" type="stmt"/>
      </file>
      <file name="cube.js" path="/home/torjus/Projects/cube-solver/src/cube.js">
        <metrics statements="50" coveredstatements="50" conditionals="11" coveredconditionals="11" methods="8" coveredmethods="8"/>
        <line num="5" count="3" type="stmt"/>
        <line num="16" count="3" type="stmt"/>
        <line num="29" count="3" type="stmt"/>
        <line num="30" count="1815631" type="stmt"/>
        <line num="32" count="1815631" type="stmt"/>
        <line num="34" count="1815631" type="stmt"/>
        <line num="35" count="5446893" type="stmt"/>
        <line num="38" count="1815631" type="stmt"/>
        <line num="45" count="3" type="stmt"/>
        <line num="46" count="923946" type="stmt"/>
        <line num="47" count="923946" type="stmt"/>
        <line num="48" count="923946" type="stmt"/>
        <line num="50" count="923946" type="stmt"/>
        <line num="51" count="1815631" type="stmt"/>
        <line num="54" count="923946" type="stmt"/>
        <line num="60" count="3" type="stmt"/>
        <line num="61" count="520098" type="stmt"/>
        <line num="66" count="3" type="stmt"/>
        <line num="67" count="403848" type="stmt"/>
        <line num="72" count="3" type="stmt"/>
        <line num="73" count="39998" type="stmt"/>
        <line num="74" count="39998" type="stmt"/>
        <line num="75" count="39998" type="stmt"/>
        <line num="77" count="39998" type="stmt"/>
        <line num="80" count="39998" type="cond" truecount="5" falsecount="0"/>
        <line num="81" count="8206" type="stmt"/>
        <line num="82" count="32824" type="stmt"/>
        <line num="86" count="39998" type="stmt"/>
        <line num="92" count="3" type="stmt"/>
        <line num="93" count="40888" type="stmt"/>
        <line num="94" count="40888" type="stmt"/>
        <line num="95" count="40888" type="stmt"/>
        <line num="97" count="40888" type="stmt"/>
        <line num="101" count="40888" type="cond" truecount="5" falsecount="0"/>
        <line num="102" count="17525" type="stmt"/>
        <line num="103" count="70100" type="stmt"/>
        <line num="107" count="40888" type="stmt"/>
        <line num="111" count="3" type="stmt"/>
        <line num="121" count="3" type="cond" truecount="1" falsecount="0"/>
        <line num="122" count="2" type="stmt"/>
        <line num="123" count="2" type="stmt"/>
        <line num="124" count="2" type="stmt"/>
        <line num="125" count="2" type="stmt"/>
        <line num="127" count="2" type="stmt"/>
        <line num="128" count="43" type="stmt"/>
        <line num="129" count="43" type="stmt"/>
        <line num="130" count="43" type="stmt"/>
        <line num="131" count="43" type="stmt"/>
        <line num="134" count="2" type="stmt"/>
        <line num="139" count="3" type="stmt"/>
      </file>
      <file name="kociemba.js" path="/home/torjus/Projects/cube-solver/src/kociemba.js">
        <metrics statements="43" coveredstatements="41" conditionals="16" coveredconditionals="13" methods="7" coveredmethods="7"/>
        <line num="19" count="2" type="stmt"/>
        <line num="30" count="2" type="stmt"/>
        <line num="36" count="2" type="stmt"/>
        <line num="37" count="225792" type="stmt"/>
        <line num="38" count="225792" type="stmt"/>
        <line num="40" count="225792" type="stmt"/>
        <line num="41" count="1057392" type="cond" truecount="2" falsecount="0"/>
        <line num="42" count="447552" type="cond" truecount="2" falsecount="0"/>
        <line num="43" count="185472" type="stmt"/>
        <line num="45" count="262080" type="stmt"/>
        <line num="49" count="40320" type="stmt"/>
        <line num="52" count="2" type="stmt"/>
        <line num="57" count="2" type="stmt"/>
        <line num="58" count="672" type="stmt"/>
        <line num="60" count="672" type="stmt"/>
        <line num="61" count="225792" type="stmt"/>
        <line num="65" count="2" type="stmt"/>
        <line num="92" count="2" type="stmt"/>
        <line num="94" count="2" type="stmt"/>
        <line num="100" count="2" type="stmt"/>
        <line num="112" count="2" type="stmt"/>
        <line num="124" count="2" type="stmt"/>
        <line num="132" count="2" type="stmt"/>
        <line num="134" count="2" type="stmt"/>
        <line num="143" count="24620856" type="stmt"/>
        <line num="178" count="2" type="stmt"/>
        <line num="180" count="2" type="stmt"/>
        <line num="181" count="2" type="stmt"/>
        <line num="185" count="29" type="stmt"/>
        <line num="189" count="29" type="cond" truecount="3" falsecount="2"/>
        <line num="190" count="0" type="stmt"/>
        <line num="193" count="29" type="stmt"/>
        <line num="208" count="29" type="cond" truecount="2" falsecount="0"/>
        <line num="209" count="3" type="stmt"/>
        <line num="211" count="3" type="cond" truecount="1" falsecount="1"/>
        <line num="212" count="3" type="stmt"/>
        <line num="218" count="0" type="stmt"/>
        <line num="221" count="26" type="stmt"/>
        <line num="225" count="2" type="stmt"/>
        <line num="227" count="2" type="cond" truecount="1" falsecount="0"/>
        <line num="228" count="3" type="cond" truecount="2" falsecount="0"/>
        <line num="229" count="1" type="stmt"/>
        <line num="235" count="2" type="stmt"/>
      </file>
      <file name="scramble.js" path="/home/torjus/Projects/cube-solver/src/scramble.js">
        <metrics statements="8" coveredstatements="8" conditionals="0" coveredconditionals="0" methods="1" coveredmethods="1"/>
        <line num="20" count="1" type="stmt"/>
        <line num="26" count="1" type="stmt"/>
        <line num="27" count="1" type="stmt"/>
        <line num="29" count="1" type="stmt"/>
        <line num="31" count="1" type="stmt"/>
        <line num="34" count="1" type="stmt"/>
        <line num="37" count="1" type="stmt"/>
        <line num="48" count="1" type="stmt"/>
      </file>
      <file name="tools.js" path="/home/torjus/Projects/cube-solver/src/tools.js">
        <metrics statements="35" coveredstatements="35" conditionals="10" coveredconditionals="10" methods="5" coveredmethods="5"/>
        <line num="1" count="2" type="stmt"/>
        <line num="7" count="2" type="stmt"/>
        <line num="8" count="2177903" type="cond" truecount="4" falsecount="0"/>
        <line num="9" count="2" type="stmt"/>
        <line num="12" count="2177901" type="cond" truecount="2" falsecount="0"/>
        <line num="13" count="2177879" type="stmt"/>
        <line num="16" count="22" type="stmt"/>
        <line num="18" count="22" type="stmt"/>
        <line num="21" count="2" type="stmt"/>
        <line num="26" count="2" type="stmt"/>
        <line num="27" count="18780124" type="cond" truecount="2" falsecount="0"/>
        <line num="28" count="2804583" type="stmt"/>
        <line num="31" count="15975541" type="stmt"/>
        <line num="32" count="24" type="stmt"/>
        <line num="33" count="24" type="stmt"/>
        <line num="35" count="24" type="stmt"/>
        <line num="37" count="24" type="stmt"/>
        <line num="38" count="110" type="stmt"/>
        <line num="41" count="24" type="stmt"/>
        <line num="43" count="24" type="stmt"/>
        <line num="46" count="15975541" type="stmt"/>
        <line num="52" count="2" type="stmt"/>
        <line num="53" count="8" type="stmt"/>
        <line num="54" count="8" type="stmt"/>
        <line num="56" count="8" type="stmt"/>
        <line num="57" count="20" type="stmt"/>
        <line num="58" count="20" type="stmt"/>
        <line num="60" count="20" type="stmt"/>
        <line num="62" count="20" type="cond" truecount="2" falsecount="0"/>
        <line num="63" count="8" type="stmt"/>
        <line num="65" count="12" type="stmt"/>
        <line num="70" count="8" type="stmt"/>
        <line num="72" count="8" type="stmt"/>
        <line num="75" count="2" type="stmt"/>
        <line num="76" count="4" type="stmt"/>
      </file>
    </metrics>
  </project>
</coverage>
