{"/home/torjus/Projects/cube-solver/src/MoveTable.js": {"path":"/home/torjus/Projects/cube-solver/src/MoveTable.js","statementMap":{"0":{"start":{"line":21,"column":26},"end":{"line":25,"column":1}},"1":{"start":{"line":21,"column":59},"end":{"line":25,"column":1}},"2":{"start":{"line":22,"column":15},"end":{"line":22,"column":31}},"3":{"start":{"line":23,"column":2},"end":{"line":23,"column":32}},"4":{"start":{"line":24,"column":2},"end":{"line":24,"column":26}},"5":{"start":{"line":31,"column":4},"end":{"line":31,"column":30}},"6":{"start":{"line":35,"column":4},"end":{"line":35,"column":30}},"7":{"start":{"line":37,"column":4},"end":{"line":37,"column":51}},"8":{"start":{"line":38,"column":4},"end":{"line":38,"column":71}},"9":{"start":{"line":43,"column":4},"end":{"line":49,"column":6}},"10":{"start":{"line":44,"column":6},"end":{"line":46,"column":7}},"11":{"start":{"line":45,"column":8},"end":{"line":45,"column":56}},"12":{"start":{"line":48,"column":6},"end":{"line":48,"column":37}},"13":{"start":{"line":51,"column":4},"end":{"line":56,"column":5}},"14":{"start":{"line":52,"column":6},"end":{"line":52,"column":34}},"15":{"start":{"line":55,"column":6},"end":{"line":55,"column":13}},"16":{"start":{"line":58,"column":22},"end":{"line":62,"column":5}},"17":{"start":{"line":64,"column":4},"end":{"line":64,"column":67}},"18":{"start":{"line":68,"column":4},"end":{"line":68,"column":20}},"19":{"start":{"line":70,"column":4},"end":{"line":72,"column":5}},"20":{"start":{"line":71,"column":6},"end":{"line":71,"column":26}},"21":{"start":{"line":76,"column":4},"end":{"line":89,"column":5}},"22":{"start":{"line":77,"column":6},"end":{"line":88,"column":7}},"23":{"start":{"line":78,"column":21},"end":{"line":78,"column":29}},"24":{"start":{"line":80,"column":8},"end":{"line":87,"column":9}},"25":{"start":{"line":83,"column":25},"end":{"line":83,"column":43}},"26":{"start":{"line":84,"column":26},"end":{"line":84,"column":51}},"27":{"start":{"line":85,"column":10},"end":{"line":85,"column":39}},"28":{"start":{"line":86,"column":10},"end":{"line":86,"column":42}},"29":{"start":{"line":93,"column":44},"end":{"line":103,"column":2}},"30":{"start":{"line":93,"column":56},"end":{"line":103,"column":2}},"31":{"start":{"line":99,"column":22},"end":{"line":100,"column":25}},"32":{"start":{"line":102,"column":22},"end":{"line":102,"column":91}},"33":{"start":{"line":105,"column":42},"end":{"line":115,"column":2}},"34":{"start":{"line":105,"column":54},"end":{"line":115,"column":2}},"35":{"start":{"line":111,"column":22},"end":{"line":112,"column":22}},"36":{"start":{"line":114,"column":22},"end":{"line":114,"column":91}},"37":{"start":{"line":117,"column":31},"end":{"line":133,"column":1}},"38":{"start":{"line":118,"column":18},"end":{"line":118,"column":20}},"39":{"start":{"line":120,"column":15},"end":{"line":120,"column":43}},"40":{"start":{"line":122,"column":17},"end":{"line":122,"column":63}},"41":{"start":{"line":124,"column":2},"end":{"line":130,"column":3}},"42":{"start":{"line":125,"column":24},"end":{"line":125,"column":72}},"43":{"start":{"line":127,"column":4},"end":{"line":129,"column":5}},"44":{"start":{"line":127,"column":32},"end":{"line":127,"column":56}},"45":{"start":{"line":128,"column":6},"end":{"line":128,"column":22}},"46":{"start":{"line":132,"column":2},"end":{"line":132,"column":17}},"47":{"start":{"line":135,"column":42},"end":{"line":142,"column":2}},"48":{"start":{"line":135,"column":54},"end":{"line":142,"column":2}},"49":{"start":{"line":139,"column":22},"end":{"line":139,"column":59}},"50":{"start":{"line":141,"column":22},"end":{"line":141,"column":56}},"51":{"start":{"line":144,"column":44},"end":{"line":151,"column":2}},"52":{"start":{"line":144,"column":56},"end":{"line":151,"column":2}},"53":{"start":{"line":148,"column":22},"end":{"line":148,"column":58}},"54":{"start":{"line":150,"column":22},"end":{"line":150,"column":56}}},"fnMap":{"0":{"name":"(anonymous_0)","decl":{"start":{"line":21,"column":26},"end":{"line":21,"column":27}},"loc":{"start":{"line":21,"column":59},"end":{"line":25,"column":1}},"line":21},"1":{"name":"(anonymous_1)","decl":{"start":{"line":21,"column":59},"end":{"line":21,"column":60}},"loc":{"start":{"line":21,"column":76},"end":{"line":25,"column":1}},"line":21},"2":{"name":"(anonymous_2)","decl":{"start":{"line":28,"column":2},"end":{"line":28,"column":3}},"loc":{"start":{"line":28,"column":24},"end":{"line":65,"column":3}},"line":28},"3":{"name":"(anonymous_3)","decl":{"start":{"line":43,"column":18},"end":{"line":43,"column":19}},"loc":{"start":{"line":43,"column":35},"end":{"line":49,"column":5}},"line":43},"4":{"name":"(anonymous_4)","decl":{"start":{"line":67,"column":2},"end":{"line":67,"column":3}},"loc":{"start":{"line":67,"column":53},"end":{"line":90,"column":3}},"line":67},"5":{"name":"(anonymous_5)","decl":{"start":{"line":93,"column":44},"end":{"line":93,"column":45}},"loc":{"start":{"line":93,"column":56},"end":{"line":103,"column":2}},"line":93},"6":{"name":"(anonymous_6)","decl":{"start":{"line":99,"column":13},"end":{"line":99,"column":14}},"loc":{"start":{"line":99,"column":22},"end":{"line":100,"column":25}},"line":99},"7":{"name":"(anonymous_7)","decl":{"start":{"line":102,"column":12},"end":{"line":102,"column":13}},"loc":{"start":{"line":102,"column":22},"end":{"line":102,"column":91}},"line":102},"8":{"name":"(anonymous_8)","decl":{"start":{"line":105,"column":42},"end":{"line":105,"column":43}},"loc":{"start":{"line":105,"column":54},"end":{"line":115,"column":2}},"line":105},"9":{"name":"(anonymous_9)","decl":{"start":{"line":111,"column":13},"end":{"line":111,"column":14}},"loc":{"start":{"line":111,"column":22},"end":{"line":112,"column":22}},"line":111},"10":{"name":"(anonymous_10)","decl":{"start":{"line":114,"column":12},"end":{"line":114,"column":13}},"loc":{"start":{"line":114,"column":22},"end":{"line":114,"column":91}},"line":114},"11":{"name":"(anonymous_11)","decl":{"start":{"line":117,"column":31},"end":{"line":117,"column":32}},"loc":{"start":{"line":117,"column":67},"end":{"line":133,"column":1}},"line":117},"12":{"name":"(anonymous_12)","decl":{"start":{"line":127,"column":23},"end":{"line":127,"column":24}},"loc":{"start":{"line":127,"column":32},"end":{"line":127,"column":56}},"line":127},"13":{"name":"(anonymous_13)","decl":{"start":{"line":135,"column":42},"end":{"line":135,"column":43}},"loc":{"start":{"line":135,"column":54},"end":{"line":142,"column":2}},"line":135},"14":{"name":"(anonymous_14)","decl":{"start":{"line":139,"column":13},"end":{"line":139,"column":14}},"loc":{"start":{"line":139,"column":22},"end":{"line":139,"column":59}},"line":139},"15":{"name":"(anonymous_15)","decl":{"start":{"line":141,"column":12},"end":{"line":141,"column":13}},"loc":{"start":{"line":141,"column":22},"end":{"line":141,"column":56}},"line":141},"16":{"name":"(anonymous_16)","decl":{"start":{"line":144,"column":44},"end":{"line":144,"column":45}},"loc":{"start":{"line":144,"column":56},"end":{"line":151,"column":2}},"line":144},"17":{"name":"(anonymous_17)","decl":{"start":{"line":148,"column":13},"end":{"line":148,"column":14}},"loc":{"start":{"line":148,"column":22},"end":{"line":148,"column":58}},"line":148},"18":{"name":"(anonymous_18)","decl":{"start":{"line":150,"column":12},"end":{"line":150,"column":13}},"loc":{"start":{"line":150,"column":22},"end":{"line":150,"column":56}},"line":150}},"branchMap":{"0":{"loc":{"start":{"line":37,"column":24},"end":{"line":37,"column":50}},"type":"binary-expr","locations":[{"start":{"line":37,"column":24},"end":{"line":37,"column":45}},{"start":{"line":37,"column":49},"end":{"line":37,"column":50}}],"line":37},"1":{"loc":{"start":{"line":38,"column":25},"end":{"line":38,"column":70}},"type":"binary-expr","locations":[{"start":{"line":38,"column":25},"end":{"line":38,"column":47}},{"start":{"line":38,"column":51},"end":{"line":38,"column":70}}],"line":38},"2":{"loc":{"start":{"line":44,"column":6},"end":{"line":46,"column":7}},"type":"if","locations":[{"start":{"line":44,"column":6},"end":{"line":46,"column":7}},{"start":{"line":44,"column":6},"end":{"line":46,"column":7}}],"line":44},"3":{"loc":{"start":{"line":51,"column":4},"end":{"line":56,"column":5}},"type":"if","locations":[{"start":{"line":51,"column":4},"end":{"line":56,"column":5}},{"start":{"line":51,"column":4},"end":{"line":56,"column":5}}],"line":51},"4":{"loc":{"start":{"line":67,"column":35},"end":{"line":67,"column":51}},"type":"default-arg","locations":[{"start":{"line":67,"column":43},"end":{"line":67,"column":51}}],"line":67},"5":{"loc":{"start":{"line":80,"column":8},"end":{"line":87,"column":9}},"type":"if","locations":[{"start":{"line":80,"column":8},"end":{"line":87,"column":9}},{"start":{"line":80,"column":8},"end":{"line":87,"column":9}}],"line":80},"6":{"loc":{"start":{"line":98,"column":8},"end":{"line":98,"column":79}},"type":"binary-expr","locations":[{"start":{"line":98,"column":8},"end":{"line":98,"column":21}},{"start":{"line":98,"column":25},"end":{"line":98,"column":79}}],"line":98},"7":{"loc":{"start":{"line":110,"column":8},"end":{"line":110,"column":81}},"type":"binary-expr","locations":[{"start":{"line":110,"column":8},"end":{"line":110,"column":21}},{"start":{"line":110,"column":25},"end":{"line":110,"column":81}}],"line":110},"8":{"loc":{"start":{"line":124,"column":18},"end":{"line":124,"column":53}},"type":"binary-expr","locations":[{"start":{"line":124,"column":18},"end":{"line":124,"column":26}},{"start":{"line":124,"column":30},"end":{"line":124,"column":53}}],"line":124},"9":{"loc":{"start":{"line":127,"column":4},"end":{"line":129,"column":5}},"type":"if","locations":[{"start":{"line":127,"column":4},"end":{"line":129,"column":5}},{"start":{"line":127,"column":4},"end":{"line":129,"column":5}}],"line":127}},"s":{"0":2,"1":14,"2":923768,"3":923768,"4":923768,"5":20,"6":20,"7":20,"8":20,"9":20,"10":121452150,"11":24620856,"12":96831294,"13":20,"14":6,"15":6,"16":14,"17":14,"18":14,"19":14,"20":118150,"21":14,"22":118150,"23":1804140,"24":1804140,"25":923768,"26":923768,"27":923768,"28":923768,"29":2,"30":2,"31":362916,"32":362916,"33":2,"34":8,"35":480056,"36":480056,"37":2,"38":4,"39":4,"40":4,"41":4,"42":4,"43":4,"44":40,"45":4,"46":4,"47":2,"48":2,"49":39952,"50":39952,"51":2,"52":2,"53":40844,"54":40844},"f":{"0":14,"1":923768,"2":20,"3":121452150,"4":14,"5":2,"6":362916,"7":362916,"8":8,"9":480056,"10":480056,"11":4,"12":40,"13":2,"14":39952,"15":39952,"16":2,"17":40844,"18":40844},"b":{"0":[20,18],"1":[20,16],"2":[24620856,96831294],"3":[6,14],"4":[12],"5":[923768,880372],"6":[2,2],"7":[8,6],"8":[8,8],"9":[4,0]},"_coverageSchema":"332fd63041d2c1bcb487cc26dd0d5f7d97098a6c","hash":"010bd0f2b5fdbdc24046b43b66cc926cf4a9a092"}
,"/home/torjus/Projects/cube-solver/src/PruningTable.js": {"path":"/home/torjus/Projects/cube-solver/src/PruningTable.js","statementMap":{"0":{"start":{"line":9,"column":4},"end":{"line":9,"column":48}},"1":{"start":{"line":13,"column":4},"end":{"line":13,"column":66}},"2":{"start":{"line":17,"column":4},"end":{"line":17,"column":64}},"3":{"start":{"line":21,"column":17},"end":{"line":21,"column":67}},"4":{"start":{"line":21,"column":49},"end":{"line":21,"column":63}},"5":{"start":{"line":23,"column":4},"end":{"line":23,"column":20}},"6":{"start":{"line":25,"column":4},"end":{"line":27,"column":5}},"7":{"start":{"line":26,"column":6},"end":{"line":26,"column":26}},"8":{"start":{"line":29,"column":16},"end":{"line":29,"column":17}},"9":{"start":{"line":30,"column":15},"end":{"line":30,"column":16}},"10":{"start":{"line":32,"column":19},"end":{"line":32,"column":22}},"11":{"start":{"line":34,"column":4},"end":{"line":36,"column":5}},"12":{"start":{"line":35,"column":6},"end":{"line":35,"column":58}},"13":{"start":{"line":38,"column":25},"end":{"line":38,"column":78}},"14":{"start":{"line":38,"column":58},"end":{"line":38,"column":76}},"15":{"start":{"line":40,"column":4},"end":{"line":50,"column":5}},"16":{"start":{"line":41,"column":18},"end":{"line":41,"column":19}},"17":{"start":{"line":43,"column":6},"end":{"line":45,"column":7}},"18":{"start":{"line":44,"column":8},"end":{"line":44,"column":48}},"19":{"start":{"line":47,"column":6},"end":{"line":47,"column":37}},"20":{"start":{"line":49,"column":6},"end":{"line":49,"column":16}},"21":{"start":{"line":57,"column":4},"end":{"line":96,"column":5}},"22":{"start":{"line":62,"column":22},"end":{"line":62,"column":37}},"23":{"start":{"line":63,"column":19},"end":{"line":63,"column":40}},"24":{"start":{"line":64,"column":20},"end":{"line":64,"column":41}},"25":{"start":{"line":66,"column":6},"end":{"line":66,"column":17}},"26":{"start":{"line":68,"column":6},"end":{"line":95,"column":7}},"27":{"start":{"line":69,"column":8},"end":{"line":94,"column":9}},"28":{"start":{"line":70,"column":10},"end":{"line":93,"column":11}},"29":{"start":{"line":71,"column":25},"end":{"line":71,"column":41}},"30":{"start":{"line":73,"column":31},"end":{"line":73,"column":36}},"31":{"start":{"line":74,"column":27},"end":{"line":74,"column":28}},"32":{"start":{"line":76,"column":12},"end":{"line":81,"column":13}},"33":{"start":{"line":77,"column":14},"end":{"line":78,"column":68}},"34":{"start":{"line":80,"column":14},"end":{"line":80,"column":40}},"35":{"start":{"line":83,"column":12},"end":{"line":92,"column":13}},"36":{"start":{"line":84,"column":14},"end":{"line":84,"column":24}},"37":{"start":{"line":86,"column":14},"end":{"line":89,"column":15}},"38":{"start":{"line":87,"column":16},"end":{"line":87,"column":51}},"39":{"start":{"line":88,"column":16},"end":{"line":88,"column":22}},"40":{"start":{"line":91,"column":14},"end":{"line":91,"column":52}}},"fnMap":{"0":{"name":"(anonymous_0)","decl":{"start":{"line":8,"column":2},"end":{"line":8,"column":3}},"loc":{"start":{"line":8,"column":33},"end":{"line":10,"column":3}},"line":8},"1":{"name":"(anonymous_1)","decl":{"start":{"line":12,"column":2},"end":{"line":12,"column":3}},"loc":{"start":{"line":12,"column":32},"end":{"line":14,"column":3}},"line":12},"2":{"name":"(anonymous_2)","decl":{"start":{"line":16,"column":2},"end":{"line":16,"column":3}},"loc":{"start":{"line":16,"column":25},"end":{"line":18,"column":3}},"line":16},"3":{"name":"(anonymous_3)","decl":{"start":{"line":20,"column":2},"end":{"line":20,"column":3}},"loc":{"start":{"line":20,"column":41},"end":{"line":97,"column":3}},"line":20},"4":{"name":"(anonymous_4)","decl":{"start":{"line":21,"column":35},"end":{"line":21,"column":36}},"loc":{"start":{"line":21,"column":49},"end":{"line":21,"column":63}},"line":21},"5":{"name":"(anonymous_5)","decl":{"start":{"line":38,"column":50},"end":{"line":38,"column":51}},"loc":{"start":{"line":38,"column":58},"end":{"line":38,"column":76}},"line":38}},"branchMap":{"0":{"loc":{"start":{"line":63,"column":19},"end":{"line":63,"column":40}},"type":"cond-expr","locations":[{"start":{"line":63,"column":29},"end":{"line":63,"column":32}},{"start":{"line":63,"column":35},"end":{"line":63,"column":40}}],"line":63},"1":{"loc":{"start":{"line":64,"column":20},"end":{"line":64,"column":41}},"type":"cond-expr","locations":[{"start":{"line":64,"column":30},"end":{"line":64,"column":35}},{"start":{"line":64,"column":38},"end":{"line":64,"column":41}}],"line":64},"2":{"loc":{"start":{"line":69,"column":8},"end":{"line":94,"column":9}},"type":"if","locations":[{"start":{"line":69,"column":8},"end":{"line":94,"column":9}},{"start":{"line":69,"column":8},"end":{"line":94,"column":9}}],"line":69},"3":{"loc":{"start":{"line":83,"column":12},"end":{"line":92,"column":13}},"type":"if","locations":[{"start":{"line":83,"column":12},"end":{"line":92,"column":13}},{"start":{"line":83,"column":12},"end":{"line":92,"column":13}}],"line":83},"4":{"loc":{"start":{"line":86,"column":14},"end":{"line":89,"column":15}},"type":"if","locations":[{"start":{"line":86,"column":14},"end":{"line":89,"column":15}},{"start":{"line":86,"column":14},"end":{"line":89,"column":15}}],"line":86}},"s":{"0":8,"1":8063370,"2":136476515,"3":8,"4":20,"5":8,"6":8,"7":1007922,"8":8,"9":8,"10":8,"11":8,"12":12,"13":8,"14":20,"15":8,"16":8,"17":8,"18":20,"19":8,"20":8,"21":8,"22":88,"23":88,"24":88,"25":88,"26":88,"27":88053210,"28":4993242,"29":47524806,"30":47524806,"31":47524806,"32":47524806,"33":118109974,"34":118109974,"35":47524806,"36":8063362,"37":8063362,"38":1622188,"39":1622188,"40":6441174},"f":{"0":8,"1":8063370,"2":136476515,"3":8,"4":20,"5":20},"b":{"0":[24,64],"1":[24,64],"2":[4993242,83059968],"3":[8063362,39461444],"4":[1622188,6441174]},"_coverageSchema":"332fd63041d2c1bcb487cc26dd0d5f7d97098a6c","hash":"fa5c600a05c0bae3f25b42339e5faa905cc8a8da"}
,"/home/torjus/Projects/cube-solver/src/Search.js": {"path":"/home/torjus/Projects/cube-solver/src/Search.js","statementMap":{"0":{"start":{"line":7,"column":4},"end":{"line":7,"column":37}},"1":{"start":{"line":8,"column":4},"end":{"line":8,"column":23}},"2":{"start":{"line":12,"column":4},"end":{"line":12,"column":28}},"3":{"start":{"line":14,"column":42},"end":{"line":14,"column":61}},"4":{"start":{"line":16,"column":4},"end":{"line":16,"column":33}},"5":{"start":{"line":18,"column":4},"end":{"line":18,"column":28}},"6":{"start":{"line":20,"column":4},"end":{"line":37,"column":7}},"7":{"start":{"line":21,"column":31},"end":{"line":22,"column":63}},"8":{"start":{"line":22,"column":8},"end":{"line":22,"column":62}},"9":{"start":{"line":22,"column":37},"end":{"line":22,"column":47}},"10":{"start":{"line":24,"column":6},"end":{"line":25,"column":59}},"11":{"start":{"line":25,"column":8},"end":{"line":25,"column":57}},"12":{"start":{"line":27,"column":27},"end":{"line":27,"column":29}},"13":{"start":{"line":29,"column":6},"end":{"line":29,"column":75}},"14":{"start":{"line":29,"column":36},"end":{"line":29,"column":73}},"15":{"start":{"line":31,"column":27},"end":{"line":31,"column":69}},"16":{"start":{"line":33,"column":6},"end":{"line":36,"column":9}},"17":{"start":{"line":41,"column":4},"end":{"line":44,"column":6}},"18":{"start":{"line":48,"column":26},"end":{"line":48,"column":27}},"19":{"start":{"line":50,"column":4},"end":{"line":70,"column":5}},"20":{"start":{"line":51,"column":18},"end":{"line":51,"column":68}},"21":{"start":{"line":52,"column":18},"end":{"line":52,"column":19}},"22":{"start":{"line":54,"column":6},"end":{"line":57,"column":7}},"23":{"start":{"line":55,"column":8},"end":{"line":55,"column":85}},"24":{"start":{"line":56,"column":8},"end":{"line":56,"column":76}},"25":{"start":{"line":59,"column":23},"end":{"line":59,"column":80}},"26":{"start":{"line":61,"column":6},"end":{"line":63,"column":7}},"27":{"start":{"line":62,"column":8},"end":{"line":62,"column":21}},"28":{"start":{"line":67,"column":6},"end":{"line":69,"column":7}},"29":{"start":{"line":68,"column":8},"end":{"line":68,"column":35}},"30":{"start":{"line":72,"column":4},"end":{"line":74,"column":5}},"31":{"start":{"line":73,"column":6},"end":{"line":73,"column":52}},"32":{"start":{"line":76,"column":4},"end":{"line":97,"column":5}},"33":{"start":{"line":77,"column":6},"end":{"line":96,"column":7}},"34":{"start":{"line":78,"column":21},"end":{"line":78,"column":34}},"35":{"start":{"line":82,"column":8},"end":{"line":95,"column":9}},"36":{"start":{"line":84,"column":33},"end":{"line":84,"column":35}},"37":{"start":{"line":86,"column":10},"end":{"line":88,"column":11}},"38":{"start":{"line":87,"column":12},"end":{"line":87,"column":77}},"39":{"start":{"line":90,"column":25},"end":{"line":90,"column":94}},"40":{"start":{"line":92,"column":10},"end":{"line":94,"column":11}},"41":{"start":{"line":93,"column":12},"end":{"line":93,"column":26}},"42":{"start":{"line":99,"column":4},"end":{"line":99,"column":17}},"43":{"start":{"line":103,"column":4},"end":{"line":105,"column":5}},"44":{"start":{"line":104,"column":6},"end":{"line":104,"column":24}},"45":{"start":{"line":107,"column":4},"end":{"line":111,"column":17}},"46":{"start":{"line":113,"column":20},"end":{"line":113,"column":47}},"47":{"start":{"line":115,"column":4},"end":{"line":127,"column":5}},"48":{"start":{"line":116,"column":20},"end":{"line":116,"column":58}},"49":{"start":{"line":118,"column":6},"end":{"line":120,"column":7}},"50":{"start":{"line":119,"column":8},"end":{"line":119,"column":54}},"51":{"start":{"line":122,"column":6},"end":{"line":126,"column":9}},"52":{"start":{"line":123,"column":8},"end":{"line":125,"column":9}},"53":{"start":{"line":124,"column":10},"end":{"line":124,"column":67}},"54":{"start":{"line":129,"column":4},"end":{"line":135,"column":5}},"55":{"start":{"line":130,"column":23},"end":{"line":130,"column":78}},"56":{"start":{"line":132,"column":6},"end":{"line":134,"column":7}},"57":{"start":{"line":133,"column":8},"end":{"line":133,"column":84}},"58":{"start":{"line":137,"column":4},"end":{"line":137,"column":17}}},"fnMap":{"0":{"name":"(anonymous_0)","decl":{"start":{"line":6,"column":2},"end":{"line":6,"column":3}},"loc":{"start":{"line":6,"column":46},"end":{"line":9,"column":3}},"line":6},"1":{"name":"(anonymous_1)","decl":{"start":{"line":11,"column":2},"end":{"line":11,"column":3}},"loc":{"start":{"line":11,"column":15},"end":{"line":38,"column":3}},"line":11},"2":{"name":"(anonymous_2)","decl":{"start":{"line":20,"column":26},"end":{"line":20,"column":27}},"loc":{"start":{"line":20,"column":46},"end":{"line":37,"column":5}},"line":20},"3":{"name":"(anonymous_3)","decl":{"start":{"line":21,"column":50},"end":{"line":21,"column":51}},"loc":{"start":{"line":22,"column":8},"end":{"line":22,"column":62}},"line":22},"4":{"name":"(anonymous_4)","decl":{"start":{"line":22,"column":28},"end":{"line":22,"column":29}},"loc":{"start":{"line":22,"column":37},"end":{"line":22,"column":47}},"line":22},"5":{"name":"(anonymous_5)","decl":{"start":{"line":24,"column":28},"end":{"line":24,"column":29}},"loc":{"start":{"line":25,"column":8},"end":{"line":25,"column":57}},"line":25},"6":{"name":"(anonymous_6)","decl":{"start":{"line":29,"column":31},"end":{"line":29,"column":32}},"loc":{"start":{"line":29,"column":36},"end":{"line":29,"column":73}},"line":29},"7":{"name":"(anonymous_7)","decl":{"start":{"line":40,"column":2},"end":{"line":40,"column":3}},"loc":{"start":{"line":40,"column":36},"end":{"line":45,"column":3}},"line":40},"8":{"name":"(anonymous_8)","decl":{"start":{"line":47,"column":2},"end":{"line":47,"column":3}},"loc":{"start":{"line":47,"column":45},"end":{"line":100,"column":3}},"line":47},"9":{"name":"(anonymous_9)","decl":{"start":{"line":102,"column":2},"end":{"line":102,"column":3}},"loc":{"start":{"line":102,"column":18},"end":{"line":138,"column":3}},"line":102},"10":{"name":"(anonymous_10)","decl":{"start":{"line":122,"column":20},"end":{"line":122,"column":21}},"loc":{"start":{"line":122,"column":30},"end":{"line":126,"column":7}},"line":122}},"branchMap":{"0":{"loc":{"start":{"line":6,"column":28},"end":{"line":6,"column":44}},"type":"default-arg","locations":[{"start":{"line":6,"column":36},"end":{"line":6,"column":44}}],"line":6},"1":{"loc":{"start":{"line":61,"column":6},"end":{"line":63,"column":7}},"type":"if","locations":[{"start":{"line":61,"column":6},"end":{"line":63,"column":7}},{"start":{"line":61,"column":6},"end":{"line":63,"column":7}}],"line":61},"2":{"loc":{"start":{"line":67,"column":6},"end":{"line":69,"column":7}},"type":"if","locations":[{"start":{"line":67,"column":6},"end":{"line":69,"column":7}},{"start":{"line":67,"column":6},"end":{"line":69,"column":7}}],"line":67},"3":{"loc":{"start":{"line":72,"column":4},"end":{"line":74,"column":5}},"type":"if","locations":[{"start":{"line":72,"column":4},"end":{"line":74,"column":5}},{"start":{"line":72,"column":4},"end":{"line":74,"column":5}}],"line":72},"4":{"loc":{"start":{"line":76,"column":4},"end":{"line":97,"column":5}},"type":"if","locations":[{"start":{"line":76,"column":4},"end":{"line":97,"column":5}},{"start":{"line":76,"column":4},"end":{"line":97,"column":5}}],"line":76},"5":{"loc":{"start":{"line":82,"column":8},"end":{"line":95,"column":9}},"type":"if","locations":[{"start":{"line":82,"column":8},"end":{"line":95,"column":9}},{"start":{"line":82,"column":8},"end":{"line":95,"column":9}}],"line":82},"6":{"loc":{"start":{"line":82,"column":12},"end":{"line":83,"column":44}},"type":"binary-expr","locations":[{"start":{"line":82,"column":12},"end":{"line":82,"column":61}},{"start":{"line":82,"column":65},"end":{"line":83,"column":44}}],"line":82},"7":{"loc":{"start":{"line":92,"column":10},"end":{"line":94,"column":11}},"type":"if","locations":[{"start":{"line":92,"column":10},"end":{"line":94,"column":11}},{"start":{"line":92,"column":10},"end":{"line":94,"column":11}}],"line":92},"8":{"loc":{"start":{"line":103,"column":4},"end":{"line":105,"column":5}},"type":"if","locations":[{"start":{"line":103,"column":4},"end":{"line":105,"column":5}},{"start":{"line":103,"column":4},"end":{"line":105,"column":5}}],"line":103},"9":{"loc":{"start":{"line":113,"column":20},"end":{"line":113,"column":47}},"type":"binary-expr","locations":[{"start":{"line":113,"column":20},"end":{"line":113,"column":41}},{"start":{"line":113,"column":45},"end":{"line":113,"column":47}}],"line":113},"10":{"loc":{"start":{"line":115,"column":4},"end":{"line":127,"column":5}},"type":"if","locations":[{"start":{"line":115,"column":4},"end":{"line":127,"column":5}},{"start":{"line":115,"column":4},"end":{"line":127,"column":5}}],"line":115},"11":{"loc":{"start":{"line":132,"column":6},"end":{"line":134,"column":7}},"type":"if","locations":[{"start":{"line":132,"column":6},"end":{"line":134,"column":7}},{"start":{"line":132,"column":6},"end":{"line":134,"column":7}}],"line":132},"12":{"loc":{"start":{"line":133,"column":15},"end":{"line":133,"column":83}},"type":"cond-expr","locations":[{"start":{"line":133,"column":38},"end":{"line":133,"column":72}},{"start":{"line":133,"column":75},"end":{"line":133,"column":83}}],"line":133}},"s":{"0":4,"1":4,"2":4,"3":4,"4":4,"5":4,"6":4,"7":8,"8":20,"9":112,"10":8,"11":12,"12":8,"13":8,"14":20,"15":8,"16":8,"17":3,"18":679510,"19":679510,"20":898499,"21":898499,"22":898499,"23":1607702,"24":1607702,"25":898499,"26":898499,"27":591111,"28":307388,"29":237831,"30":88399,"31":32,"32":88367,"33":88367,"34":977231,"35":977231,"36":679103,"37":679103,"38":3341944,"39":679103,"40":679103,"41":59,"42":88308,"43":32,"44":2,"45":32,"46":32,"47":32,"48":2,"49":2,"50":16,"51":2,"52":29,"53":232,"54":32,"55":407,"56":407,"57":6,"58":26},"f":{"0":4,"1":4,"2":8,"3":20,"4":112,"5":12,"6":20,"7":3,"8":679510,"9":32,"10":29},"b":{"0":[2],"1":[591111,307388],"2":[237831,69557],"3":[32,88367],"4":[88367,0],"5":[679103,298128],"6":[977231,786788],"7":[59,679044],"8":[2,30],"9":[32,2],"10":[2,30],"11":[6,401],"12":[3,3]},"_coverageSchema":"332fd63041d2c1bcb487cc26dd0d5f7d97098a6c","hash":"7d2b0bd3ab54076618b1ac6e4330d5401fc69b44"}
,"/home/torjus/Projects/cube-solver/src/algorithms.js": {"path":"/home/torjus/Projects/cube-solver/src/algorithms.js","statementMap":{"0":{"start":{"line":2,"column":15},"end":{"line":6,"column":1}},"1":{"start":{"line":11,"column":33},"end":{"line":11,"column":85}},"2":{"start":{"line":11,"column":46},"end":{"line":11,"column":85}},"3":{"start":{"line":16,"column":30},"end":{"line":32,"column":1}},"4":{"start":{"line":17,"column":2},"end":{"line":19,"column":3}},"5":{"start":{"line":18,"column":4},"end":{"line":18,"column":70}},"6":{"start":{"line":21,"column":17},"end":{"line":21,"column":19}},"7":{"start":{"line":23,"column":16},"end":{"line":23,"column":49}},"8":{"start":{"line":25,"column":2},"end":{"line":29,"column":5}},"9":{"start":{"line":26,"column":20},"end":{"line":26,"column":52}},"10":{"start":{"line":27,"column":16},"end":{"line":27,"column":38}},"11":{"start":{"line":28,"column":4},"end":{"line":28,"column":35}},"12":{"start":{"line":31,"column":2},"end":{"line":31,"column":16}},"13":{"start":{"line":37,"column":31},"end":{"line":59,"column":1}},"14":{"start":{"line":38,"column":17},"end":{"line":38,"column":19}},"15":{"start":{"line":40,"column":2},"end":{"line":55,"column":5}},"16":{"start":{"line":41,"column":4},"end":{"line":41,"column":20}},"17":{"start":{"line":42,"column":4},"end":{"line":42,"column":54}},"18":{"start":{"line":44,"column":4},"end":{"line":54,"column":5}},"19":{"start":{"line":46,"column":8},"end":{"line":46,"column":24}},"20":{"start":{"line":47,"column":8},"end":{"line":47,"column":14}},"21":{"start":{"line":50,"column":8},"end":{"line":50,"column":25}},"22":{"start":{"line":51,"column":8},"end":{"line":51,"column":14}},"23":{"start":{"line":58,"column":2},"end":{"line":58,"column":25}}},"fnMap":{"0":{"name":"(anonymous_0)","decl":{"start":{"line":11,"column":33},"end":{"line":11,"column":34}},"loc":{"start":{"line":11,"column":46},"end":{"line":11,"column":85}},"line":11},"1":{"name":"(anonymous_1)","decl":{"start":{"line":16,"column":30},"end":{"line":16,"column":31}},"loc":{"start":{"line":16,"column":45},"end":{"line":32,"column":1}},"line":16},"2":{"name":"(anonymous_2)","decl":{"start":{"line":25,"column":16},"end":{"line":25,"column":17}},"loc":{"start":{"line":25,"column":26},"end":{"line":29,"column":3}},"line":25},"3":{"name":"(anonymous_3)","decl":{"start":{"line":37,"column":31},"end":{"line":37,"column":32}},"loc":{"start":{"line":37,"column":42},"end":{"line":59,"column":1}},"line":37},"4":{"name":"(anonymous_4)","decl":{"start":{"line":40,"column":16},"end":{"line":40,"column":17}},"loc":{"start":{"line":40,"column":26},"end":{"line":55,"column":3}},"line":40}},"branchMap":{"0":{"loc":{"start":{"line":17,"column":2},"end":{"line":19,"column":3}},"type":"if","locations":[{"start":{"line":17,"column":2},"end":{"line":19,"column":3}},{"start":{"line":17,"column":2},"end":{"line":19,"column":3}}],"line":17},"1":{"loc":{"start":{"line":44,"column":4},"end":{"line":54,"column":5}},"type":"switch","locations":[{"start":{"line":45,"column":6},"end":{"line":47,"column":14}},{"start":{"line":49,"column":6},"end":{"line":51,"column":14}},{"start":{"line":53,"column":6},"end":{"line":53,"column":14}}],"line":44}},"s":{"0":3,"1":3,"2":4,"3":3,"4":4,"5":0,"6":4,"7":4,"8":4,"9":72,"10":72,"11":72,"12":4,"13":3,"14":3,"15":3,"16":59,"17":59,"18":59,"19":29,"20":29,"21":17,"22":17,"23":3},"f":{"0":4,"1":4,"2":72,"3":3,"4":59},"b":{"0":[0,4],"1":[29,17,13]},"_coverageSchema":"332fd63041d2c1bcb487cc26dd0d5f7d97098a6c","hash":"6d60eed280d7cf045b72e8d688c6965f9884b853"}
,"/home/torjus/Projects/cube-solver/src/coordinates.js": {"path":"/home/torjus/Projects/cube-solver/src/coordinates.js","statementMap":{"0":{"start":{"line":7,"column":19},"end":{"line":15,"column":1}},"1":{"start":{"line":8,"column":19},"end":{"line":8,"column":31}},"2":{"start":{"line":10,"column":2},"end":{"line":12,"column":3}},"3":{"start":{"line":11,"column":4},"end":{"line":11,"column":30}},"4":{"start":{"line":14,"column":2},"end":{"line":14,"column":27}},"5":{"start":{"line":21,"column":20},"end":{"line":29,"column":1}},"6":{"start":{"line":22,"column":19},"end":{"line":22,"column":32}},"7":{"start":{"line":24,"column":2},"end":{"line":26,"column":3}},"8":{"start":{"line":25,"column":4},"end":{"line":25,"column":30}},"9":{"start":{"line":28,"column":2},"end":{"line":28,"column":26}},"10":{"start":{"line":38,"column":39},"end":{"line":50,"column":1}},"11":{"start":{"line":39,"column":12},"end":{"line":39,"column":13}},"12":{"start":{"line":45,"column":2},"end":{"line":47,"column":3}},"13":{"start":{"line":46,"column":4},"end":{"line":46,"column":38}},"14":{"start":{"line":49,"column":2},"end":{"line":49,"column":13}},"15":{"start":{"line":58,"column":39},"end":{"line":74,"column":1}},"16":{"start":{"line":59,"column":22},"end":{"line":59,"column":24}},"17":{"start":{"line":61,"column":15},"end":{"line":61,"column":16}},"18":{"start":{"line":63,"column":2},"end":{"line":68,"column":3}},"19":{"start":{"line":64,"column":16},"end":{"line":64,"column":32}},"20":{"start":{"line":65,"column":4},"end":{"line":65,"column":41}},"21":{"start":{"line":66,"column":4},"end":{"line":66,"column":25}},"22":{"start":{"line":67,"column":4},"end":{"line":67,"column":18}},"23":{"start":{"line":71,"column":2},"end":{"line":71,"column":73}},"24":{"start":{"line":73,"column":2},"end":{"line":73,"column":21}},"25":{"start":{"line":86,"column":25},"end":{"line":98,"column":1}},"26":{"start":{"line":87,"column":12},"end":{"line":87,"column":13}},"27":{"start":{"line":89,"column":2},"end":{"line":95,"column":3}},"28":{"start":{"line":90,"column":4},"end":{"line":94,"column":5}},"29":{"start":{"line":91,"column":6},"end":{"line":93,"column":7}},"30":{"start":{"line":92,"column":8},"end":{"line":92,"column":17}},"31":{"start":{"line":97,"column":2},"end":{"line":97,"column":17}},"32":{"start":{"line":109,"column":39},"end":{"line":159,"column":1}},"33":{"start":{"line":110,"column":15},"end":{"line":110,"column":32}},"34":{"start":{"line":111,"column":17},"end":{"line":111,"column":18}},"35":{"start":{"line":112,"column":10},"end":{"line":112,"column":11}},"36":{"start":{"line":116,"column":16},"end":{"line":116,"column":18}},"37":{"start":{"line":121,"column":2},"end":{"line":139,"column":3}},"38":{"start":{"line":122,"column":4},"end":{"line":129,"column":5}},"39":{"start":{"line":123,"column":6},"end":{"line":128,"column":7}},"40":{"start":{"line":124,"column":8},"end":{"line":124,"column":45}},"41":{"start":{"line":125,"column":8},"end":{"line":125,"column":53}},"42":{"start":{"line":126,"column":8},"end":{"line":126,"column":33}},"43":{"start":{"line":127,"column":8},"end":{"line":127,"column":15}},"44":{"start":{"line":131,"column":4},"end":{"line":138,"column":5}},"45":{"start":{"line":132,"column":6},"end":{"line":137,"column":7}},"46":{"start":{"line":133,"column":8},"end":{"line":133,"column":45}},"47":{"start":{"line":134,"column":8},"end":{"line":134,"column":33}},"48":{"start":{"line":135,"column":8},"end":{"line":135,"column":30}},"49":{"start":{"line":136,"column":8},"end":{"line":136,"column":15}},"50":{"start":{"line":141,"column":20},"end":{"line":141,"column":21}},"51":{"start":{"line":145,"column":2},"end":{"line":154,"column":3}},"52":{"start":{"line":146,"column":12},"end":{"line":146,"column":13}},"53":{"start":{"line":148,"column":4},"end":{"line":151,"column":5}},"54":{"start":{"line":149,"column":6},"end":{"line":149,"column":30}},"55":{"start":{"line":150,"column":6},"end":{"line":150,"column":13}},"56":{"start":{"line":153,"column":4},"end":{"line":153,"column":44}},"57":{"start":{"line":158,"column":2},"end":{"line":158,"column":61}},"58":{"start":{"line":166,"column":39},"end":{"line":213,"column":1}},"59":{"start":{"line":167,"column":15},"end":{"line":167,"column":41}},"60":{"start":{"line":169,"column":17},"end":{"line":169,"column":41}},"61":{"start":{"line":170,"column":20},"end":{"line":170,"column":32}},"62":{"start":{"line":172,"column":17},"end":{"line":172,"column":19}},"63":{"start":{"line":174,"column":2},"end":{"line":176,"column":3}},"64":{"start":{"line":175,"column":4},"end":{"line":175,"column":20}},"65":{"start":{"line":178,"column":2},"end":{"line":186,"column":3}},"66":{"start":{"line":179,"column":12},"end":{"line":179,"column":33}},"67":{"start":{"line":180,"column":4},"end":{"line":180,"column":52}},"68":{"start":{"line":182,"column":4},"end":{"line":185,"column":5}},"69":{"start":{"line":183,"column":6},"end":{"line":183,"column":34}},"70":{"start":{"line":184,"column":6},"end":{"line":184,"column":13}},"71":{"start":{"line":188,"column":10},"end":{"line":188,"column":29}},"72":{"start":{"line":190,"column":2},"end":{"line":210,"column":3}},"73":{"start":{"line":191,"column":4},"end":{"line":199,"column":5}},"74":{"start":{"line":192,"column":23},"end":{"line":192,"column":50}},"75":{"start":{"line":194,"column":6},"end":{"line":198,"column":7}},"76":{"start":{"line":195,"column":8},"end":{"line":195,"column":54}},"77":{"start":{"line":196,"column":8},"end":{"line":196,"column":29}},"78":{"start":{"line":197,"column":8},"end":{"line":197,"column":15}},"79":{"start":{"line":201,"column":4},"end":{"line":209,"column":5}},"80":{"start":{"line":202,"column":23},"end":{"line":202,"column":39}},"81":{"start":{"line":204,"column":6},"end":{"line":208,"column":7}},"82":{"start":{"line":205,"column":8},"end":{"line":205,"column":32}},"83":{"start":{"line":206,"column":8},"end":{"line":206,"column":29}},"84":{"start":{"line":207,"column":8},"end":{"line":207,"column":15}},"85":{"start":{"line":212,"column":2},"end":{"line":212,"column":16}}},"fnMap":{"0":{"name":"(anonymous_0)","decl":{"start":{"line":7,"column":19},"end":{"line":7,"column":20}},"loc":{"start":{"line":7,"column":44},"end":{"line":15,"column":1}},"line":7},"1":{"name":"(anonymous_1)","decl":{"start":{"line":21,"column":20},"end":{"line":21,"column":21}},"loc":{"start":{"line":21,"column":45},"end":{"line":29,"column":1}},"line":21},"2":{"name":"(anonymous_2)","decl":{"start":{"line":38,"column":39},"end":{"line":38,"column":40}},"loc":{"start":{"line":38,"column":62},"end":{"line":50,"column":1}},"line":38},"3":{"name":"(anonymous_3)","decl":{"start":{"line":58,"column":39},"end":{"line":58,"column":40}},"loc":{"start":{"line":58,"column":71},"end":{"line":74,"column":1}},"line":58},"4":{"name":"(anonymous_4)","decl":{"start":{"line":86,"column":25},"end":{"line":86,"column":26}},"loc":{"start":{"line":86,"column":37},"end":{"line":98,"column":1}},"line":86},"5":{"name":"(anonymous_5)","decl":{"start":{"line":109,"column":39},"end":{"line":109,"column":40}},"loc":{"start":{"line":109,"column":79},"end":{"line":159,"column":1}},"line":109},"6":{"name":"(anonymous_6)","decl":{"start":{"line":166,"column":39},"end":{"line":166,"column":40}},"loc":{"start":{"line":166,"column":84},"end":{"line":213,"column":1}},"line":166}},"branchMap":{"0":{"loc":{"start":{"line":91,"column":6},"end":{"line":93,"column":7}},"type":"if","locations":[{"start":{"line":91,"column":6},"end":{"line":93,"column":7}},{"start":{"line":91,"column":6},"end":{"line":93,"column":7}}],"line":91},"1":{"loc":{"start":{"line":109,"column":58},"end":{"line":109,"column":74}},"type":"default-arg","locations":[{"start":{"line":109,"column":69},"end":{"line":109,"column":74}}],"line":109},"2":{"loc":{"start":{"line":121,"column":2},"end":{"line":139,"column":3}},"type":"if","locations":[{"start":{"line":121,"column":2},"end":{"line":139,"column":3}},{"start":{"line":121,"column":2},"end":{"line":139,"column":3}}],"line":121},"3":{"loc":{"start":{"line":123,"column":6},"end":{"line":128,"column":7}},"type":"if","locations":[{"start":{"line":123,"column":6},"end":{"line":128,"column":7}},{"start":{"line":123,"column":6},"end":{"line":128,"column":7}}],"line":123},"4":{"loc":{"start":{"line":132,"column":6},"end":{"line":137,"column":7}},"type":"if","locations":[{"start":{"line":132,"column":6},"end":{"line":137,"column":7}},{"start":{"line":132,"column":6},"end":{"line":137,"column":7}}],"line":132},"5":{"loc":{"start":{"line":166,"column":63},"end":{"line":166,"column":79}},"type":"default-arg","locations":[{"start":{"line":166,"column":74},"end":{"line":166,"column":79}}],"line":166},"6":{"loc":{"start":{"line":190,"column":2},"end":{"line":210,"column":3}},"type":"if","locations":[{"start":{"line":190,"column":2},"end":{"line":210,"column":3}},{"start":{"line":190,"column":2},"end":{"line":210,"column":3}}],"line":190},"7":{"loc":{"start":{"line":194,"column":6},"end":{"line":198,"column":7}},"type":"if","locations":[{"start":{"line":194,"column":6},"end":{"line":198,"column":7}},{"start":{"line":194,"column":6},"end":{"line":198,"column":7}}],"line":194},"8":{"loc":{"start":{"line":204,"column":6},"end":{"line":208,"column":7}},"type":"if","locations":[{"start":{"line":204,"column":6},"end":{"line":208,"column":7}},{"start":{"line":204,"column":6},"end":{"line":208,"column":7}}],"line":204}},"s":{"0":2,"1":5484536,"2":5484536,"3":19183489,"4":5484536,"5":2,"6":5504275,"7":5504275,"8":17653400,"9":5504275,"10":2,"11":80798,"12":80798,"13":725398,"14":80798,"15":2,"16":80802,"17":80802,"18":80802,"19":725434,"20":725434,"21":725434,"22":725434,"23":80802,"24":80802,"25":2,"26":3,"27":3,"28":25,"29":122,"30":55,"31":3,"32":2,"33":883307,"34":883307,"35":883307,"36":883307,"37":883307,"38":223952,"39":2687424,"40":895808,"41":895808,"42":895808,"43":895808,"44":659355,"45":6460584,"46":3801288,"47":3801288,"48":3801288,"49":3801288,"50":883307,"51":883307,"52":3813789,"53":3813789,"54":5484536,"55":5484536,"56":3813789,"57":883307,"58":2,"59":1294558,"60":1294558,"61":1294558,"62":1294558,"63":1294558,"64":14083028,"65":1294558,"66":4515326,"67":4515326,"68":4515326,"69":5504275,"70":5504275,"71":1294558,"72":1294558,"73":223948,"74":2687376,"75":2687376,"76":895792,"77":895792,"78":895792,"79":1070610,"80":11395652,"81":11395652,"82":4914092,"83":4914092,"84":4914092,"85":1294558},"f":{"0":5484536,"1":5504275,"2":80798,"3":80802,"4":3,"5":883307,"6":1294558},"b":{"0":[55,67],"1":[659355],"2":[223952,659355],"3":[895808,1791616],"4":[3801288,2659296],"5":[1070610],"6":[223948,1070610],"7":[895792,1791584],"8":[4914092,6481560]},"_coverageSchema":"332fd63041d2c1bcb487cc26dd0d5f7d97098a6c","hash":"88b9106412df162f6d3c287683d25418949cf0d8"}
,"/home/torjus/Projects/cube-solver/src/cube.js": {"path":"/home/torjus/Projects/cube-solver/src/cube.js","statementMap":{"0":{"start":{"line":5,"column":18},"end":{"line":12,"column":1}},"1":{"start":{"line":16,"column":20},"end":{"line":23,"column":1}},"2":{"start":{"line":29,"column":20},"end":{"line":39,"column":1}},"3":{"start":{"line":30,"column":24},"end":{"line":30,"column":39}},"4":{"start":{"line":32,"column":2},"end":{"line":32,"column":69}},"5":{"start":{"line":34,"column":2},"end":{"line":36,"column":3}},"6":{"start":{"line":35,"column":4},"end":{"line":35,"column":57}},"7":{"start":{"line":38,"column":2},"end":{"line":38,"column":23}},"8":{"start":{"line":45,"column":24},"end":{"line":55,"column":1}},"9":{"start":{"line":46,"column":16},"end":{"line":46,"column":22}},"10":{"start":{"line":47,"column":15},"end":{"line":47,"column":47}},"11":{"start":{"line":48,"column":14},"end":{"line":48,"column":27}},"12":{"start":{"line":50,"column":2},"end":{"line":52,"column":3}},"13":{"start":{"line":51,"column":4},"end":{"line":51,"column":41}},"14":{"start":{"line":54,"column":2},"end":{"line":54,"column":17}},"15":{"start":{"line":60,"column":35},"end":{"line":61,"column":47}},"16":{"start":{"line":61,"column":2},"end":{"line":61,"column":47}},"17":{"start":{"line":66,"column":37},"end":{"line":67,"column":49}},"18":{"start":{"line":67,"column":2},"end":{"line":67,"column":49}},"19":{"start":{"line":72,"column":35},"end":{"line":87,"column":1}},"20":{"start":{"line":73,"column":21},"end":{"line":73,"column":46}},"21":{"start":{"line":74,"column":15},"end":{"line":74,"column":36}},"22":{"start":{"line":75,"column":14},"end":{"line":75,"column":27}},"23":{"start":{"line":77,"column":24},"end":{"line":77,"column":62}},"24":{"start":{"line":80,"column":2},"end":{"line":84,"column":3}},"25":{"start":{"line":81,"column":4},"end":{"line":83,"column":5}},"26":{"start":{"line":82,"column":6},"end":{"line":82,"column":64}},"27":{"start":{"line":86,"column":2},"end":{"line":86,"column":23}},"28":{"start":{"line":92,"column":37},"end":{"line":108,"column":1}},"29":{"start":{"line":93,"column":21},"end":{"line":93,"column":46}},"30":{"start":{"line":94,"column":15},"end":{"line":94,"column":38}},"31":{"start":{"line":95,"column":14},"end":{"line":95,"column":27}},"32":{"start":{"line":97,"column":24},"end":{"line":97,"column":64}},"33":{"start":{"line":101,"column":2},"end":{"line":105,"column":3}},"34":{"start":{"line":102,"column":4},"end":{"line":104,"column":5}},"35":{"start":{"line":103,"column":6},"end":{"line":103,"column":80}},"36":{"start":{"line":107,"column":2},"end":{"line":107,"column":23}},"37":{"start":{"line":111,"column":24},"end":{"line":116,"column":1}},"38":{"start":{"line":121,"column":27},"end":{"line":135,"column":1}},"39":{"start":{"line":122,"column":11},"end":{"line":122,"column":26}},"40":{"start":{"line":123,"column":11},"end":{"line":123,"column":26}},"41":{"start":{"line":124,"column":11},"end":{"line":124,"column":26}},"42":{"start":{"line":125,"column":11},"end":{"line":125,"column":26}},"43":{"start":{"line":127,"column":2},"end":{"line":132,"column":5}},"44":{"start":{"line":128,"column":4},"end":{"line":128,"column":39}},"45":{"start":{"line":129,"column":4},"end":{"line":129,"column":39}},"46":{"start":{"line":130,"column":4},"end":{"line":130,"column":41}},"47":{"start":{"line":131,"column":4},"end":{"line":131,"column":41}},"48":{"start":{"line":134,"column":2},"end":{"line":134,"column":28}},"49":{"start":{"line":139,"column":24},"end":{"line":139,"column":86}}},"fnMap":{"0":{"name":"(anonymous_0)","decl":{"start":{"line":29,"column":20},"end":{"line":29,"column":21}},"loc":{"start":{"line":29,"column":42},"end":{"line":39,"column":1}},"line":29},"1":{"name":"(anonymous_1)","decl":{"start":{"line":45,"column":24},"end":{"line":45,"column":25}},"loc":{"start":{"line":45,"column":54},"end":{"line":55,"column":1}},"line":45},"2":{"name":"(anonymous_2)","decl":{"start":{"line":60,"column":35},"end":{"line":60,"column":36}},"loc":{"start":{"line":61,"column":2},"end":{"line":61,"column":47}},"line":61},"3":{"name":"(anonymous_3)","decl":{"start":{"line":66,"column":37},"end":{"line":66,"column":38}},"loc":{"start":{"line":67,"column":2},"end":{"line":67,"column":49}},"line":67},"4":{"name":"(anonymous_4)","decl":{"start":{"line":72,"column":35},"end":{"line":72,"column":36}},"loc":{"start":{"line":72,"column":58},"end":{"line":87,"column":1}},"line":72},"5":{"name":"(anonymous_5)","decl":{"start":{"line":92,"column":37},"end":{"line":92,"column":38}},"loc":{"start":{"line":92,"column":60},"end":{"line":108,"column":1}},"line":92},"6":{"name":"(anonymous_6)","decl":{"start":{"line":121,"column":27},"end":{"line":121,"column":28}},"loc":{"start":{"line":121,"column":59},"end":{"line":135,"column":1}},"line":121},"7":{"name":"(anonymous_7)","decl":{"start":{"line":127,"column":36},"end":{"line":127,"column":37}},"loc":{"start":{"line":127,"column":46},"end":{"line":132,"column":3}},"line":127}},"branchMap":{"0":{"loc":{"start":{"line":80,"column":2},"end":{"line":84,"column":3}},"type":"if","locations":[{"start":{"line":80,"column":2},"end":{"line":84,"column":3}},{"start":{"line":80,"column":2},"end":{"line":84,"column":3}}],"line":80},"1":{"loc":{"start":{"line":80,"column":6},"end":{"line":80,"column":61}},"type":"binary-expr","locations":[{"start":{"line":80,"column":7},"end":{"line":80,"column":23}},{"start":{"line":80,"column":27},"end":{"line":80,"column":43}},{"start":{"line":80,"column":48},"end":{"line":80,"column":61}}],"line":80},"2":{"loc":{"start":{"line":101,"column":2},"end":{"line":105,"column":3}},"type":"if","locations":[{"start":{"line":101,"column":2},"end":{"line":105,"column":3}},{"start":{"line":101,"column":2},"end":{"line":105,"column":3}}],"line":101},"3":{"loc":{"start":{"line":101,"column":6},"end":{"line":101,"column":59}},"type":"binary-expr","locations":[{"start":{"line":101,"column":6},"end":{"line":101,"column":22}},{"start":{"line":101,"column":26},"end":{"line":101,"column":42}},{"start":{"line":101,"column":46},"end":{"line":101,"column":59}}],"line":101},"4":{"loc":{"start":{"line":121,"column":39},"end":{"line":121,"column":54}},"type":"default-arg","locations":[{"start":{"line":121,"column":46},"end":{"line":121,"column":54}}],"line":121}},"s":{"0":3,"1":3,"2":3,"3":1815631,"4":1815631,"5":1815631,"6":5446893,"7":1815631,"8":3,"9":923946,"10":923946,"11":923946,"12":923946,"13":1815631,"14":923946,"15":3,"16":520098,"17":3,"18":403848,"19":3,"20":39998,"21":39998,"22":39998,"23":39998,"24":39998,"25":8206,"26":32824,"27":39998,"28":3,"29":40888,"30":40888,"31":40888,"32":40888,"33":40888,"34":17525,"35":70100,"36":40888,"37":3,"38":3,"39":2,"40":2,"41":2,"42":2,"43":2,"44":43,"45":43,"46":43,"47":43,"48":2,"49":3},"f":{"0":1815631,"1":923946,"2":520098,"3":403848,"4":39998,"5":40888,"6":2,"7":43},"b":{"0":[8206,31792],"1":[39998,33331,13334],"2":[17525,23363],"3":[40888,34073,27262],"4":[1]},"_coverageSchema":"332fd63041d2c1bcb487cc26dd0d5f7d97098a6c","hash":"163e5b1b8567e28399e73a6e125b001713cd8a08"}
,"/home/torjus/Projects/cube-solver/src/kociemba.js": {"path":"/home/torjus/Projects/cube-solver/src/kociemba.js","statementMap":{"0":{"start":{"line":19,"column":22},"end":{"line":19,"column":57}},"1":{"start":{"line":30,"column":23},"end":{"line":90,"column":1}},"2":{"start":{"line":36,"column":24},"end":{"line":50,"column":3}},"3":{"start":{"line":37,"column":14},"end":{"line":37,"column":55}},"4":{"start":{"line":38,"column":14},"end":{"line":38,"column":55}},"5":{"start":{"line":40,"column":4},"end":{"line":47,"column":5}},"6":{"start":{"line":41,"column":6},"end":{"line":46,"column":7}},"7":{"start":{"line":42,"column":8},"end":{"line":44,"column":9}},"8":{"start":{"line":43,"column":10},"end":{"line":43,"column":20}},"9":{"start":{"line":45,"column":8},"end":{"line":45,"column":20}},"10":{"start":{"line":49,"column":4},"end":{"line":49,"column":58}},"11":{"start":{"line":52,"column":2},"end":{"line":52,"column":13}},"12":{"start":{"line":57,"column":2},"end":{"line":63,"column":3}},"13":{"start":{"line":58,"column":4},"end":{"line":58,"column":19}},"14":{"start":{"line":60,"column":4},"end":{"line":62,"column":5}},"15":{"start":{"line":61,"column":6},"end":{"line":61,"column":40}},"16":{"start":{"line":65,"column":2},"end":{"line":89,"column":4}},"17":{"start":{"line":92,"column":17},"end":{"line":92,"column":58}},"18":{"start":{"line":94,"column":23},"end":{"line":174,"column":1}},"19":{"start":{"line":100,"column":2},"end":{"line":109,"column":5}},"20":{"start":{"line":112,"column":2},"end":{"line":115,"column":5}},"21":{"start":{"line":124,"column":2},"end":{"line":128,"column":5}},"22":{"start":{"line":132,"column":2},"end":{"line":132,"column":24}},"23":{"start":{"line":134,"column":2},"end":{"line":173,"column":4}},"24":{"start":{"line":143,"column":40},"end":{"line":143,"column":80}},"25":{"start":{"line":178,"column":4},"end":{"line":178,"column":19}},"26":{"start":{"line":180,"column":4},"end":{"line":180,"column":23}},"27":{"start":{"line":181,"column":4},"end":{"line":181,"column":25}},"28":{"start":{"line":185,"column":21},"end":{"line":185,"column":42}},"29":{"start":{"line":189,"column":4},"end":{"line":191,"column":5}},"30":{"start":{"line":190,"column":6},"end":{"line":190,"column":19}},"31":{"start":{"line":193,"column":29},"end":{"line":206,"column":6}},"32":{"start":{"line":208,"column":4},"end":{"line":219,"column":5}},"33":{"start":{"line":209,"column":6},"end":{"line":209,"column":65}},"34":{"start":{"line":211,"column":6},"end":{"line":216,"column":7}},"35":{"start":{"line":212,"column":8},"end":{"line":215,"column":10}},"36":{"start":{"line":218,"column":6},"end":{"line":218,"column":47}},"37":{"start":{"line":221,"column":4},"end":{"line":221,"column":17}},"38":{"start":{"line":225,"column":17},"end":{"line":225,"column":51}},"39":{"start":{"line":227,"column":17},"end":{"line":239,"column":1}},"40":{"start":{"line":228,"column":2},"end":{"line":233,"column":3}},"41":{"start":{"line":229,"column":4},"end":{"line":232,"column":7}},"42":{"start":{"line":235,"column":2},"end":{"line":238,"column":5}}},"fnMap":{"0":{"name":"(anonymous_0)","decl":{"start":{"line":30,"column":23},"end":{"line":30,"column":24}},"loc":{"start":{"line":30,"column":29},"end":{"line":90,"column":1}},"line":30},"1":{"name":"(anonymous_1)","decl":{"start":{"line":36,"column":24},"end":{"line":36,"column":25}},"loc":{"start":{"line":36,"column":34},"end":{"line":50,"column":3}},"line":36},"2":{"name":"(anonymous_2)","decl":{"start":{"line":94,"column":23},"end":{"line":94,"column":24}},"loc":{"start":{"line":94,"column":29},"end":{"line":174,"column":1}},"line":94},"3":{"name":"(anonymous_3)","decl":{"start":{"line":143,"column":16},"end":{"line":143,"column":17}},"loc":{"start":{"line":143,"column":40},"end":{"line":143,"column":80}},"line":143},"4":{"name":"(anonymous_4)","decl":{"start":{"line":177,"column":2},"end":{"line":177,"column":3}},"loc":{"start":{"line":177,"column":23},"end":{"line":182,"column":3}},"line":177},"5":{"name":"(anonymous_5)","decl":{"start":{"line":184,"column":2},"end":{"line":184,"column":3}},"loc":{"start":{"line":184,"column":36},"end":{"line":222,"column":3}},"line":184},"6":{"name":"(anonymous_6)","decl":{"start":{"line":227,"column":17},"end":{"line":227,"column":18}},"loc":{"start":{"line":227,"column":46},"end":{"line":239,"column":1}},"line":227}},"branchMap":{"0":{"loc":{"start":{"line":41,"column":6},"end":{"line":46,"column":7}},"type":"if","locations":[{"start":{"line":41,"column":6},"end":{"line":46,"column":7}},{"start":{"line":41,"column":6},"end":{"line":46,"column":7}}],"line":41},"1":{"loc":{"start":{"line":42,"column":8},"end":{"line":44,"column":9}},"type":"if","locations":[{"start":{"line":42,"column":8},"end":{"line":44,"column":9}},{"start":{"line":42,"column":8},"end":{"line":44,"column":9}}],"line":42},"2":{"loc":{"start":{"line":189,"column":4},"end":{"line":191,"column":5}},"type":"if","locations":[{"start":{"line":189,"column":4},"end":{"line":191,"column":5}},{"start":{"line":189,"column":4},"end":{"line":191,"column":5}}],"line":189},"3":{"loc":{"start":{"line":189,"column":8},"end":{"line":189,"column":95}},"type":"binary-expr","locations":[{"start":{"line":189,"column":8},"end":{"line":189,"column":26}},{"start":{"line":189,"column":30},"end":{"line":189,"column":60}},{"start":{"line":189,"column":64},"end":{"line":189,"column":95}}],"line":189},"4":{"loc":{"start":{"line":208,"column":4},"end":{"line":219,"column":5}},"type":"if","locations":[{"start":{"line":208,"column":4},"end":{"line":219,"column":5}},{"start":{"line":208,"column":4},"end":{"line":219,"column":5}}],"line":208},"5":{"loc":{"start":{"line":211,"column":6},"end":{"line":216,"column":7}},"type":"if","locations":[{"start":{"line":211,"column":6},"end":{"line":216,"column":7}},{"start":{"line":211,"column":6},"end":{"line":216,"column":7}}],"line":211},"6":{"loc":{"start":{"line":227,"column":28},"end":{"line":227,"column":41}},"type":"default-arg","locations":[{"start":{"line":227,"column":39},"end":{"line":227,"column":41}}],"line":227},"7":{"loc":{"start":{"line":228,"column":2},"end":{"line":233,"column":3}},"type":"if","locations":[{"start":{"line":228,"column":2},"end":{"line":233,"column":3}},{"start":{"line":228,"column":2},"end":{"line":233,"column":3}}],"line":228}},"s":{"0":2,"1":2,"2":2,"3":225792,"4":225792,"5":225792,"6":1057392,"7":447552,"8":185472,"9":262080,"10":40320,"11":2,"12":2,"13":672,"14":672,"15":225792,"16":2,"17":2,"18":2,"19":2,"20":2,"21":2,"22":2,"23":2,"24":24620856,"25":2,"26":2,"27":2,"28":29,"29":29,"30":0,"31":29,"32":29,"33":3,"34":3,"35":3,"36":0,"37":26,"38":2,"39":2,"40":3,"41":1,"42":2},"f":{"0":2,"1":225792,"2":2,"3":24620856,"4":2,"5":29,"6":3},"b":{"0":[447552,609840],"1":[185472,262080],"2":[0,29],"3":[29,13,0],"4":[3,26],"5":[3,0],"6":[3],"7":[1,2]},"_coverageSchema":"332fd63041d2c1bcb487cc26dd0d5f7d97098a6c","hash":"96044f6e8f762538cfd0032b29964639026d9586"}
,"/home/torjus/Projects/cube-solver/src/scramble.js": {"path":"/home/torjus/Projects/cube-solver/src/scramble.js","statementMap":{"0":{"start":{"line":20,"column":26},"end":{"line":49,"column":1}},"1":{"start":{"line":26,"column":2},"end":{"line":35,"column":44}},"2":{"start":{"line":27,"column":4},"end":{"line":27,"column":63}},"3":{"start":{"line":29,"column":4},"end":{"line":29,"column":62}},"4":{"start":{"line":31,"column":4},"end":{"line":32,"column":50}},"5":{"start":{"line":34,"column":4},"end":{"line":34,"column":86}},"6":{"start":{"line":37,"column":18},"end":{"line":46,"column":3}},"7":{"start":{"line":48,"column":2},"end":{"line":48,"column":27}}},"fnMap":{"0":{"name":"(anonymous_0)","decl":{"start":{"line":20,"column":26},"end":{"line":20,"column":27}},"loc":{"start":{"line":20,"column":32},"end":{"line":49,"column":1}},"line":20}},"branchMap":{},"s":{"0":1,"1":1,"2":1,"3":1,"4":1,"5":1,"6":1,"7":1},"f":{"0":1},"b":{},"_coverageSchema":"332fd63041d2c1bcb487cc26dd0d5f7d97098a6c","hash":"fc03bb23163cf267673cc7175dff85762b4d881f"}
,"/home/torjus/Projects/cube-solver/src/tools.js": {"path":"/home/torjus/Projects/cube-solver/src/tools.js","statementMap":{"0":{"start":{"line":1,"column":19},"end":{"line":1,"column":21}},"1":{"start":{"line":7,"column":25},"end":{"line":19,"column":1}},"2":{"start":{"line":8,"column":2},"end":{"line":10,"column":3}},"3":{"start":{"line":9,"column":4},"end":{"line":9,"column":13}},"4":{"start":{"line":12,"column":2},"end":{"line":14,"column":3}},"5":{"start":{"line":13,"column":4},"end":{"line":13,"column":25}},"6":{"start":{"line":16,"column":2},"end":{"line":16,"column":39}},"7":{"start":{"line":18,"column":2},"end":{"line":18,"column":23}},"8":{"start":{"line":21,"column":18},"end":{"line":21,"column":20}},"9":{"start":{"line":26,"column":22},"end":{"line":47,"column":1}},"10":{"start":{"line":27,"column":2},"end":{"line":29,"column":3}},"11":{"start":{"line":28,"column":4},"end":{"line":28,"column":13}},"12":{"start":{"line":31,"column":2},"end":{"line":44,"column":3}},"13":{"start":{"line":32,"column":14},"end":{"line":32,"column":30}},"14":{"start":{"line":33,"column":20},"end":{"line":33,"column":22}},"15":{"start":{"line":35,"column":4},"end":{"line":35,"column":19}},"16":{"start":{"line":37,"column":4},"end":{"line":39,"column":5}},"17":{"start":{"line":38,"column":6},"end":{"line":38,"column":63}},"18":{"start":{"line":41,"column":4},"end":{"line":41,"column":19}},"19":{"start":{"line":43,"column":4},"end":{"line":43,"column":28}},"20":{"start":{"line":46,"column":2},"end":{"line":46,"column":25}},"21":{"start":{"line":52,"column":25},"end":{"line":73,"column":1}},"22":{"start":{"line":53,"column":17},"end":{"line":53,"column":19}},"23":{"start":{"line":54,"column":14},"end":{"line":54,"column":28}},"24":{"start":{"line":56,"column":17},"end":{"line":68,"column":3}},"25":{"start":{"line":57,"column":4},"end":{"line":67,"column":5}},"26":{"start":{"line":58,"column":19},"end":{"line":58,"column":31}},"27":{"start":{"line":60,"column":6},"end":{"line":60,"column":27}},"28":{"start":{"line":62,"column":6},"end":{"line":66,"column":7}},"29":{"start":{"line":63,"column":8},"end":{"line":63,"column":26}},"30":{"start":{"line":65,"column":8},"end":{"line":65,"column":28}},"31":{"start":{"line":70,"column":2},"end":{"line":70,"column":16}},"32":{"start":{"line":72,"column":2},"end":{"line":72,"column":16}},"33":{"start":{"line":75,"column":28},"end":{"line":76,"column":51}},"34":{"start":{"line":76,"column":2},"end":{"line":76,"column":51}}},"fnMap":{"0":{"name":"(anonymous_0)","decl":{"start":{"line":7,"column":25},"end":{"line":7,"column":26}},"loc":{"start":{"line":7,"column":32},"end":{"line":19,"column":1}},"line":7},"1":{"name":"(anonymous_1)","decl":{"start":{"line":26,"column":22},"end":{"line":26,"column":23}},"loc":{"start":{"line":26,"column":32},"end":{"line":47,"column":1}},"line":26},"2":{"name":"(anonymous_2)","decl":{"start":{"line":52,"column":25},"end":{"line":52,"column":26}},"loc":{"start":{"line":52,"column":34},"end":{"line":73,"column":1}},"line":52},"3":{"name":"(anonymous_3)","decl":{"start":{"line":56,"column":17},"end":{"line":56,"column":18}},"loc":{"start":{"line":56,"column":29},"end":{"line":68,"column":3}},"line":56},"4":{"name":"(anonymous_4)","decl":{"start":{"line":75,"column":28},"end":{"line":75,"column":29}},"loc":{"start":{"line":76,"column":2},"end":{"line":76,"column":51}},"line":76}},"branchMap":{"0":{"loc":{"start":{"line":8,"column":2},"end":{"line":10,"column":3}},"type":"if","locations":[{"start":{"line":8,"column":2},"end":{"line":10,"column":3}},{"start":{"line":8,"column":2},"end":{"line":10,"column":3}}],"line":8},"1":{"loc":{"start":{"line":8,"column":6},"end":{"line":8,"column":24}},"type":"binary-expr","locations":[{"start":{"line":8,"column":6},"end":{"line":8,"column":13}},{"start":{"line":8,"column":17},"end":{"line":8,"column":24}}],"line":8},"2":{"loc":{"start":{"line":12,"column":2},"end":{"line":14,"column":3}},"type":"if","locations":[{"start":{"line":12,"column":2},"end":{"line":14,"column":3}},{"start":{"line":12,"column":2},"end":{"line":14,"column":3}}],"line":12},"3":{"loc":{"start":{"line":27,"column":2},"end":{"line":29,"column":3}},"type":"if","locations":[{"start":{"line":27,"column":2},"end":{"line":29,"column":3}},{"start":{"line":27,"column":2},"end":{"line":29,"column":3}}],"line":27},"4":{"loc":{"start":{"line":62,"column":6},"end":{"line":66,"column":7}},"type":"if","locations":[{"start":{"line":62,"column":6},"end":{"line":66,"column":7}},{"start":{"line":62,"column":6},"end":{"line":66,"column":7}}],"line":62}},"s":{"0":2,"1":2,"2":2177903,"3":2,"4":2177901,"5":2177879,"6":22,"7":22,"8":2,"9":2,"10":18780124,"11":2804583,"12":15975541,"13":24,"14":24,"15":24,"16":24,"17":110,"18":24,"19":24,"20":15975541,"21":2,"22":8,"23":8,"24":8,"25":20,"26":20,"27":20,"28":20,"29":8,"30":12,"31":8,"32":8,"33":2,"34":4},"f":{"0":2177903,"1":18780124,"2":8,"3":20,"4":4},"b":{"0":[2,2177901],"1":[2177903,2177903],"2":[2177879,22],"3":[2804583,15975541],"4":[8,12]},"_coverageSchema":"332fd63041d2c1bcb487cc26dd0d5f7d97098a6c","hash":"eddcea7d5ca0daef5222bba8ffe66661d39e45d3"}
}
