TN:
SF:/home/torjus/Projects/cube-solver/src/MoveTable.js
FN:21,(anonymous_0)
FN:21,(anonymous_1)
FN:28,(anonymous_2)
FN:43,(anonymous_3)
FN:67,(anonymous_4)
FN:93,(anonymous_5)
FN:99,(anonymous_6)
FN:102,(anonymous_7)
FN:105,(anonymous_8)
FN:111,(anonymous_9)
FN:114,(anonymous_10)
FN:117,(anonymous_11)
FN:127,(anonymous_12)
FN:135,(anonymous_13)
FN:139,(anonymous_14)
FN:141,(anonymous_15)
FN:144,(anonymous_16)
FN:148,(anonymous_17)
FN:150,(anonymous_18)
FNF:19
FNH:19
FNDA:14,(anonymous_0)
FNDA:923768,(anonymous_1)
FNDA:20,(anonymous_2)
FNDA:121452150,(anonymous_3)
FNDA:14,(anonymous_4)
FNDA:2,(anonymous_5)
FNDA:362916,(anonymous_6)
FNDA:362916,(anonymous_7)
FNDA:8,(anonymous_8)
FNDA:480056,(anonymous_9)
FNDA:480056,(anonymous_10)
FNDA:4,(anonymous_11)
FNDA:40,(anonymous_12)
FNDA:2,(anonymous_13)
FNDA:39952,(anonymous_14)
FNDA:39952,(anonymous_15)
FNDA:2,(anonymous_16)
FNDA:40844,(anonymous_17)
FNDA:40844,(anonymous_18)
DA:21,14
DA:22,923768
DA:23,923768
DA:24,923768
DA:31,20
DA:35,20
DA:37,20
DA:38,20
DA:43,20
DA:44,121452150
DA:45,24620856
DA:48,96831294
DA:51,20
DA:52,6
DA:55,6
DA:58,14
DA:64,14
DA:68,14
DA:70,14
DA:71,118150
DA:76,14
DA:77,118150
DA:78,1804140
DA:80,1804140
DA:83,923768
DA:84,923768
DA:85,923768
DA:86,923768
DA:93,2
DA:99,362916
DA:102,362916
DA:105,8
DA:111,480056
DA:114,480056
DA:117,2
DA:118,4
DA:120,4
DA:122,4
DA:124,4
DA:125,4
DA:127,40
DA:128,4
DA:132,4
DA:135,2
DA:139,39952
DA:141,39952
DA:144,2
DA:148,40844
DA:150,40844
LF:49
LH:49
BRDA:37,0,0,20
BRDA:37,0,1,18
BRDA:38,1,0,20
BRDA:38,1,1,16
BRDA:44,2,0,24620856
BRDA:44,2,1,96831294
BRDA:51,3,0,6
BRDA:51,3,1,14
BRDA:67,4,0,12
BRDA:80,5,0,923768
BRDA:80,5,1,880372
BRDA:98,6,0,2
BRDA:98,6,1,2
BRDA:110,7,0,8
BRDA:110,7,1,6
BRDA:124,8,0,8
BRDA:124,8,1,8
BRDA:127,9,0,4
BRDA:127,9,1,0
BRF:19
BRH:18
end_of_record
TN:
SF:/home/torjus/Projects/cube-solver/src/PruningTable.js
FN:8,(anonymous_0)
FN:12,(anonymous_1)
FN:16,(anonymous_2)
FN:20,(anonymous_3)
FN:21,(anonymous_4)
FN:38,(anonymous_5)
FNF:6
FNH:6
FNDA:8,(anonymous_0)
FNDA:8063370,(anonymous_1)
FNDA:136476515,(anonymous_2)
FNDA:8,(anonymous_3)
FNDA:20,(anonymous_4)
FNDA:20,(anonymous_5)
DA:9,8
DA:13,8063370
DA:17,136476515
DA:21,20
DA:23,8
DA:25,8
DA:26,1007922
DA:29,8
DA:30,8
DA:32,8
DA:34,8
DA:35,12
DA:38,20
DA:40,8
DA:41,8
DA:43,8
DA:44,20
DA:47,8
DA:49,8
DA:57,8
DA:62,88
DA:63,88
DA:64,88
DA:66,88
DA:68,88
DA:69,88053210
DA:70,4993242
DA:71,47524806
DA:73,47524806
DA:74,47524806
DA:76,47524806
DA:77,118109974
DA:80,118109974
DA:83,47524806
DA:84,8063362
DA:86,8063362
DA:87,1622188
DA:88,1622188
DA:91,6441174
LF:39
LH:39
BRDA:63,0,0,24
BRDA:63,0,1,64
BRDA:64,1,0,24
BRDA:64,1,1,64
BRDA:69,2,0,4993242
BRDA:69,2,1,83059968
BRDA:83,3,0,8063362
BRDA:83,3,1,39461444
BRDA:86,4,0,1622188
BRDA:86,4,1,6441174
BRF:10
BRH:10
end_of_record
TN:
SF:/home/torjus/Projects/cube-solver/src/Search.js
FN:6,(anonymous_0)
FN:11,(anonymous_1)
FN:20,(anonymous_2)
FN:21,(anonymous_3)
FN:22,(anonymous_4)
FN:24,(anonymous_5)
FN:29,(anonymous_6)
FN:40,(anonymous_7)
FN:47,(anonymous_8)
FN:102,(anonymous_9)
FN:122,(anonymous_10)
FNF:11
FNH:11
FNDA:4,(anonymous_0)
FNDA:4,(anonymous_1)
FNDA:8,(anonymous_2)
FNDA:20,(anonymous_3)
FNDA:112,(anonymous_4)
FNDA:12,(anonymous_5)
FNDA:20,(anonymous_6)
FNDA:3,(anonymous_7)
FNDA:679510,(anonymous_8)
FNDA:32,(anonymous_9)
FNDA:29,(anonymous_10)
DA:7,4
DA:8,4
DA:12,4
DA:14,4
DA:16,4
DA:18,4
DA:20,4
DA:21,8
DA:22,112
DA:24,8
DA:25,12
DA:27,8
DA:29,20
DA:31,8
DA:33,8
DA:41,3
DA:48,679510
DA:50,679510
DA:51,898499
DA:52,898499
DA:54,898499
DA:55,1607702
DA:56,1607702
DA:59,898499
DA:61,898499
DA:62,591111
DA:67,307388
DA:68,237831
DA:72,88399
DA:73,32
DA:76,88367
DA:77,88367
DA:78,977231
DA:82,977231
DA:84,679103
DA:86,679103
DA:87,3341944
DA:90,679103
DA:92,679103
DA:93,59
DA:99,88308
DA:103,32
DA:104,2
DA:107,32
DA:113,32
DA:115,32
DA:116,2
DA:118,2
DA:119,16
DA:122,2
DA:123,29
DA:124,232
DA:129,32
DA:130,407
DA:132,407
DA:133,6
DA:137,26
LF:57
LH:57
BRDA:6,0,0,2
BRDA:61,1,0,591111
BRDA:61,1,1,307388
BRDA:67,2,0,237831
BRDA:67,2,1,69557
BRDA:72,3,0,32
BRDA:72,3,1,88367
BRDA:76,4,0,88367
BRDA:76,4,1,0
BRDA:82,5,0,679103
BRDA:82,5,1,298128
BRDA:82,6,0,977231
BRDA:82,6,1,786788
BRDA:92,7,0,59
BRDA:92,7,1,679044
BRDA:103,8,0,2
BRDA:103,8,1,30
BRDA:113,9,0,32
BRDA:113,9,1,2
BRDA:115,10,0,2
BRDA:115,10,1,30
BRDA:132,11,0,6
BRDA:132,11,1,401
BRDA:133,12,0,3
BRDA:133,12,1,3
BRF:25
BRH:24
end_of_record
TN:
SF:/home/torjus/Projects/cube-solver/src/algorithms.js
FN:11,(anonymous_0)
FN:16,(anonymous_1)
FN:25,(anonymous_2)
FN:37,(anonymous_3)
FN:40,(anonymous_4)
FNF:5
FNH:5
FNDA:4,(anonymous_0)
FNDA:4,(anonymous_1)
FNDA:72,(anonymous_2)
FNDA:3,(anonymous_3)
FNDA:59,(anonymous_4)
DA:2,3
DA:11,4
DA:16,3
DA:17,4
DA:18,0
DA:21,4
DA:23,4
DA:25,4
DA:26,72
DA:27,72
DA:28,72
DA:31,4
DA:37,3
DA:38,3
DA:40,3
DA:41,59
DA:42,59
DA:44,59
DA:46,29
DA:47,29
DA:50,17
DA:51,17
DA:58,3
LF:23
LH:22
BRDA:17,0,0,0
BRDA:17,0,1,4
BRDA:44,1,0,29
BRDA:44,1,1,17
BRDA:44,1,2,13
BRF:5
BRH:4
end_of_record
TN:
SF:/home/torjus/Projects/cube-solver/src/coordinates.js
FN:7,(anonymous_0)
FN:21,(anonymous_1)
FN:38,(anonymous_2)
FN:58,(anonymous_3)
FN:86,(anonymous_4)
FN:109,(anonymous_5)
FN:166,(anonymous_6)
FNF:7
FNH:7
FNDA:5484536,(anonymous_0)
FNDA:5504275,(anonymous_1)
FNDA:80798,(anonymous_2)
FNDA:80802,(anonymous_3)
FNDA:3,(anonymous_4)
FNDA:883307,(anonymous_5)
FNDA:1294558,(anonymous_6)
DA:7,2
DA:8,5484536
DA:10,5484536
DA:11,19183489
DA:14,5484536
DA:21,2
DA:22,5504275
DA:24,5504275
DA:25,17653400
DA:28,5504275
DA:38,2
DA:39,80798
DA:45,80798
DA:46,725398
DA:49,80798
DA:58,2
DA:59,80802
DA:61,80802
DA:63,80802
DA:64,725434
DA:65,725434
DA:66,725434
DA:67,725434
DA:71,80802
DA:73,80802
DA:86,2
DA:87,3
DA:89,3
DA:90,25
DA:91,122
DA:92,55
DA:97,3
DA:109,2
DA:110,883307
DA:111,883307
DA:112,883307
DA:116,883307
DA:121,883307
DA:122,223952
DA:123,2687424
DA:124,895808
DA:125,895808
DA:126,895808
DA:127,895808
DA:131,659355
DA:132,6460584
DA:133,3801288
DA:134,3801288
DA:135,3801288
DA:136,3801288
DA:141,883307
DA:145,883307
DA:146,3813789
DA:148,3813789
DA:149,5484536
DA:150,5484536
DA:153,3813789
DA:158,883307
DA:166,2
DA:167,1294558
DA:169,1294558
DA:170,1294558
DA:172,1294558
DA:174,1294558
DA:175,14083028
DA:178,1294558
DA:179,4515326
DA:180,4515326
DA:182,4515326
DA:183,5504275
DA:184,5504275
DA:188,1294558
DA:190,1294558
DA:191,223948
DA:192,2687376
DA:194,2687376
DA:195,895792
DA:196,895792
DA:197,895792
DA:201,1070610
DA:202,11395652
DA:204,11395652
DA:205,4914092
DA:206,4914092
DA:207,4914092
DA:212,1294558
LF:86
LH:86
BRDA:91,0,0,55
BRDA:91,0,1,67
BRDA:109,1,0,659355
BRDA:121,2,0,223952
BRDA:121,2,1,659355
BRDA:123,3,0,895808
BRDA:123,3,1,1791616
BRDA:132,4,0,3801288
BRDA:132,4,1,2659296
BRDA:166,5,0,1070610
BRDA:190,6,0,223948
BRDA:190,6,1,1070610
BRDA:194,7,0,895792
BRDA:194,7,1,1791584
BRDA:204,8,0,4914092
BRDA:204,8,1,6481560
BRF:16
BRH:16
end_of_record
TN:
SF:/home/torjus/Projects/cube-solver/src/cube.js
FN:29,(anonymous_0)
FN:45,(anonymous_1)
FN:60,(anonymous_2)
FN:66,(anonymous_3)
FN:72,(anonymous_4)
FN:92,(anonymous_5)
FN:121,(anonymous_6)
FN:127,(anonymous_7)
FNF:8
FNH:8
FNDA:1815631,(anonymous_0)
FNDA:923946,(anonymous_1)
FNDA:520098,(anonymous_2)
FNDA:403848,(anonymous_3)
FNDA:39998,(anonymous_4)
FNDA:40888,(anonymous_5)
FNDA:2,(anonymous_6)
FNDA:43,(anonymous_7)
DA:5,3
DA:16,3
DA:29,3
DA:30,1815631
DA:32,1815631
DA:34,1815631
DA:35,5446893
DA:38,1815631
DA:45,3
DA:46,923946
DA:47,923946
DA:48,923946
DA:50,923946
DA:51,1815631
DA:54,923946
DA:60,3
DA:61,520098
DA:66,3
DA:67,403848
DA:72,3
DA:73,39998
DA:74,39998
DA:75,39998
DA:77,39998
DA:80,39998
DA:81,8206
DA:82,32824
DA:86,39998
DA:92,3
DA:93,40888
DA:94,40888
DA:95,40888
DA:97,40888
DA:101,40888
DA:102,17525
DA:103,70100
DA:107,40888
DA:111,3
DA:121,3
DA:122,2
DA:123,2
DA:124,2
DA:125,2
DA:127,2
DA:128,43
DA:129,43
DA:130,43
DA:131,43
DA:134,2
DA:139,3
LF:50
LH:50
BRDA:80,0,0,8206
BRDA:80,0,1,31792
BRDA:80,1,0,39998
BRDA:80,1,1,33331
BRDA:80,1,2,13334
BRDA:101,2,0,17525
BRDA:101,2,1,23363
BRDA:101,3,0,40888
BRDA:101,3,1,34073
BRDA:101,3,2,27262
BRDA:121,4,0,1
BRF:11
BRH:11
end_of_record
TN:
SF:/home/torjus/Projects/cube-solver/src/kociemba.js
FN:30,(anonymous_0)
FN:36,(anonymous_1)
FN:94,(anonymous_2)
FN:143,(anonymous_3)
FN:177,(anonymous_4)
FN:184,(anonymous_5)
FN:227,(anonymous_6)
FNF:7
FNH:7
FNDA:2,(anonymous_0)
FNDA:225792,(anonymous_1)
FNDA:2,(anonymous_2)
FNDA:24620856,(anonymous_3)
FNDA:2,(anonymous_4)
FNDA:29,(anonymous_5)
FNDA:3,(anonymous_6)
DA:19,2
DA:30,2
DA:36,2
DA:37,225792
DA:38,225792
DA:40,225792
DA:41,1057392
DA:42,447552
DA:43,185472
DA:45,262080
DA:49,40320
DA:52,2
DA:57,2
DA:58,672
DA:60,672
DA:61,225792
DA:65,2
DA:92,2
DA:94,2
DA:100,2
DA:112,2
DA:124,2
DA:132,2
DA:134,2
DA:143,24620856
DA:178,2
DA:180,2
DA:181,2
DA:185,29
DA:189,29
DA:190,0
DA:193,29
DA:208,29
DA:209,3
DA:211,3
DA:212,3
DA:218,0
DA:221,26
DA:225,2
DA:227,2
DA:228,3
DA:229,1
DA:235,2
LF:43
LH:41
BRDA:41,0,0,447552
BRDA:41,0,1,609840
BRDA:42,1,0,185472
BRDA:42,1,1,262080
BRDA:189,2,0,0
BRDA:189,2,1,29
BRDA:189,3,0,29
BRDA:189,3,1,13
BRDA:189,3,2,0
BRDA:208,4,0,3
BRDA:208,4,1,26
BRDA:211,5,0,3
BRDA:211,5,1,0
BRDA:227,6,0,3
BRDA:228,7,0,1
BRDA:228,7,1,2
BRF:16
BRH:13
end_of_record
TN:
SF:/home/torjus/Projects/cube-solver/src/scramble.js
FN:20,(anonymous_0)
FNF:1
FNH:1
FNDA:1,(anonymous_0)
DA:20,1
DA:26,1
DA:27,1
DA:29,1
DA:31,1
DA:34,1
DA:37,1
DA:48,1
LF:8
LH:8
BRF:0
BRH:0
end_of_record
TN:
SF:/home/torjus/Projects/cube-solver/src/tools.js
FN:7,(anonymous_0)
FN:26,(anonymous_1)
FN:52,(anonymous_2)
FN:56,(anonymous_3)
FN:75,(anonymous_4)
FNF:5
FNH:5
FNDA:2177903,(anonymous_0)
FNDA:18780124,(anonymous_1)
FNDA:8,(anonymous_2)
FNDA:20,(anonymous_3)
FNDA:4,(anonymous_4)
DA:1,2
DA:7,2
DA:8,2177903
DA:9,2
DA:12,2177901
DA:13,2177879
DA:16,22
DA:18,22
DA:21,2
DA:26,2
DA:27,18780124
DA:28,2804583
DA:31,15975541
DA:32,24
DA:33,24
DA:35,24
DA:37,24
DA:38,110
DA:41,24
DA:43,24
DA:46,15975541
DA:52,2
DA:53,8
DA:54,8
DA:56,8
DA:57,20
DA:58,20
DA:60,20
DA:62,20
DA:63,8
DA:65,12
DA:70,8
DA:72,8
DA:75,2
DA:76,4
LF:35
LH:35
BRDA:8,0,0,2
BRDA:8,0,1,2177901
BRDA:8,1,0,2177903
BRDA:8,1,1,2177903
BRDA:12,2,0,2177879
BRDA:12,2,1,22
BRDA:27,3,0,2804583
BRDA:27,3,1,15975541
BRDA:62,4,0,8
BRDA:62,4,1,12
BRF:10
BRH:10
end_of_record
